INFO:gurobipy:Restricted license - for non-production use only - expires 2026-11-23
INFO:gurobipy:Set parameter TimeLimit to value 300
INFO:gurobipy:Gurobi Optimizer version 12.0.1 build v12.0.1rc0 (win64 - Windows 11.0 (22631.2))
INFO:gurobipy:
INFO:gurobipy:CPU model: 13th Gen Intel(R) Core(TM) i7-13620H, instruction set [SSE2|AVX|AVX2]
INFO:gurobipy:Thread count: 10 physical cores, 16 logical processors, using up to 16 threads
INFO:gurobipy:
INFO:gurobipy:Non-default parameters:
INFO:gurobipy:TimeLimit  300
INFO:gurobipy:
INFO:gurobipy:Optimize a model with 27 rows, 24 columns and 50 nonzeros
INFO:gurobipy:Model fingerprint: 0x8b5b8a93
INFO:gurobipy:Variable types: 0 continuous, 24 integer (24 binary)
INFO:gurobipy:Coefficient statistics:
INFO:gurobipy:  Matrix range     [1e+00, 1e+00]
INFO:gurobipy:  Objective range  [2e+02, 3e+03]
INFO:gurobipy:  Bounds range     [1e+00, 1e+00]
INFO:gurobipy:  RHS range        [1e+00, 1e+00]
INFO:gurobipy:Found heuristic solution: objective 344.1862284
INFO:gurobipy:Presolve removed 27 rows and 24 columns
INFO:gurobipy:Presolve time: 0.00s
INFO:gurobipy:Presolve: All rows and columns removed
INFO:gurobipy:
INFO:gurobipy:Explored 0 nodes (0 simplex iterations) in 0.01 seconds (0.00 work units)
INFO:gurobipy:Thread count was 1 (of 16 available processors)
INFO:gurobipy:
INFO:gurobipy:Solution count 2: 185.416 344.186 
INFO:gurobipy:
INFO:gurobipy:Optimal solution found (tolerance 1.00e-04)
INFO:gurobipy:Best objective 1.854164975803e+02, best bound 1.854164975803e+02, gap 0.0000%
INFO:root:Step 1: 0->22 (move, cost=185.6)
INFO:gurobipy:Set parameter TimeLimit to value 300
INFO:gurobipy:Gurobi Optimizer version 12.0.1 build v12.0.1rc0 (win64 - Windows 11.0 (22631.2))
INFO:gurobipy:
INFO:gurobipy:CPU model: 13th Gen Intel(R) Core(TM) i7-13620H, instruction set [SSE2|AVX|AVX2]
INFO:gurobipy:Thread count: 10 physical cores, 16 logical processors, using up to 16 threads
INFO:gurobipy:
INFO:gurobipy:Non-default parameters:
INFO:gurobipy:TimeLimit  300
INFO:gurobipy:
INFO:gurobipy:Optimize a model with 22 rows, 24 columns and 45 nonzeros
INFO:gurobipy:Model fingerprint: 0x6ff37bf2
INFO:gurobipy:Variable types: 0 continuous, 24 integer (24 binary)
INFO:gurobipy:Coefficient statistics:
INFO:gurobipy:  Matrix range     [1e+00, 1e+00]
INFO:gurobipy:  Objective range  [2e+02, 3e+03]
INFO:gurobipy:  Bounds range     [1e+00, 1e+00]
INFO:gurobipy:  RHS range        [1e+00, 1e+00]
INFO:gurobipy:Found heuristic solution: objective 182.7283941
INFO:gurobipy:Presolve removed 22 rows and 24 columns
INFO:gurobipy:Presolve time: 0.00s
INFO:gurobipy:Presolve: All rows and columns removed
INFO:gurobipy:
INFO:gurobipy:Explored 0 nodes (0 simplex iterations) in 0.01 seconds (0.00 work units)
INFO:gurobipy:Thread count was 1 (of 16 available processors)
INFO:gurobipy:
INFO:gurobipy:Solution count 2: 179.982 182.728 
INFO:gurobipy:
INFO:gurobipy:Optimal solution found (tolerance 1.00e-04)
INFO:gurobipy:Best objective 1.799821845708e+02, best bound 1.799821845708e+02, gap 0.0000%
INFO:root:Step 2: 22->16 (move, cost=180.1)
INFO:gurobipy:Set parameter TimeLimit to value 300
INFO:gurobipy:Gurobi Optimizer version 12.0.1 build v12.0.1rc0 (win64 - Windows 11.0 (22631.2))
INFO:gurobipy:
INFO:gurobipy:CPU model: 13th Gen Intel(R) Core(TM) i7-13620H, instruction set [SSE2|AVX|AVX2]
INFO:gurobipy:Thread count: 10 physical cores, 16 logical processors, using up to 16 threads
INFO:gurobipy:
INFO:gurobipy:Non-default parameters:
INFO:gurobipy:TimeLimit  300
INFO:gurobipy:
INFO:gurobipy:Optimize a model with 22 rows, 23 columns and 44 nonzeros
INFO:gurobipy:Model fingerprint: 0xf1894992
INFO:gurobipy:Variable types: 0 continuous, 23 integer (23 binary)
INFO:gurobipy:Coefficient statistics:
INFO:gurobipy:  Matrix range     [1e+00, 1e+00]
INFO:gurobipy:  Objective range  [1e+02, 3e+03]
INFO:gurobipy:  Bounds range     [1e+00, 1e+00]
INFO:gurobipy:  RHS range        [1e+00, 1e+00]
INFO:gurobipy:Found heuristic solution: objective 241.9132426
INFO:gurobipy:Presolve removed 22 rows and 23 columns
INFO:gurobipy:Presolve time: 0.00s
INFO:gurobipy:Presolve: All rows and columns removed
INFO:gurobipy:
INFO:gurobipy:Explored 0 nodes (0 simplex iterations) in 0.02 seconds (0.00 work units)
INFO:gurobipy:Thread count was 1 (of 16 available processors)
INFO:gurobipy:
INFO:gurobipy:Solution count 2: 117.529 241.913 
INFO:gurobipy:
INFO:gurobipy:Optimal solution found (tolerance 1.00e-04)
INFO:gurobipy:Best objective 1.175293839397e+02, best bound 1.175293839397e+02, gap 0.0000%
INFO:root:Step 3: 16->15 (move, cost=117.7)
INFO:gurobipy:Set parameter TimeLimit to value 300
INFO:gurobipy:Gurobi Optimizer version 12.0.1 build v12.0.1rc0 (win64 - Windows 11.0 (22631.2))
INFO:gurobipy:
INFO:gurobipy:CPU model: 13th Gen Intel(R) Core(TM) i7-13620H, instruction set [SSE2|AVX|AVX2]
INFO:gurobipy:Thread count: 10 physical cores, 16 logical processors, using up to 16 threads
INFO:gurobipy:
INFO:gurobipy:Non-default parameters:
INFO:gurobipy:TimeLimit  300
INFO:gurobipy:
INFO:gurobipy:Optimize a model with 24 rows, 22 columns and 45 nonzeros
INFO:gurobipy:Model fingerprint: 0x46f7cef8
INFO:gurobipy:Variable types: 0 continuous, 22 integer (22 binary)
INFO:gurobipy:Coefficient statistics:
INFO:gurobipy:  Matrix range     [1e+00, 1e+00]
INFO:gurobipy:  Objective range  [3e+02, 3e+03]
INFO:gurobipy:  Bounds range     [1e+00, 1e+00]
INFO:gurobipy:  RHS range        [1e+00, 1e+00]
INFO:gurobipy:Found heuristic solution: objective 359.3539092
INFO:gurobipy:Presolve removed 24 rows and 22 columns
INFO:gurobipy:Presolve time: 0.00s
INFO:gurobipy:Presolve: All rows and columns removed
INFO:gurobipy:
INFO:gurobipy:Explored 0 nodes (0 simplex iterations) in 0.01 seconds (0.00 work units)
INFO:gurobipy:Thread count was 1 (of 16 available processors)
INFO:gurobipy:
INFO:gurobipy:Solution count 2: 314.218 359.354 
INFO:gurobipy:
INFO:gurobipy:Optimal solution found (tolerance 1.00e-04)
INFO:gurobipy:Best objective 3.142176622826e+02, best bound 3.142176622826e+02, gap 0.0000%
INFO:root:Step 4: 15->23 (move, cost=314.4)
INFO:gurobipy:Set parameter TimeLimit to value 300
INFO:gurobipy:Gurobi Optimizer version 12.0.1 build v12.0.1rc0 (win64 - Windows 11.0 (22631.2))
INFO:gurobipy:
INFO:gurobipy:CPU model: 13th Gen Intel(R) Core(TM) i7-13620H, instruction set [SSE2|AVX|AVX2]
INFO:gurobipy:Thread count: 10 physical cores, 16 logical processors, using up to 16 threads
INFO:gurobipy:
INFO:gurobipy:Non-default parameters:
INFO:gurobipy:TimeLimit  300
INFO:gurobipy:
INFO:gurobipy:Optimize a model with 28 rows, 21 columns and 48 nonzeros
INFO:gurobipy:Model fingerprint: 0xd81459c2
INFO:gurobipy:Variable types: 0 continuous, 21 integer (21 binary)
INFO:gurobipy:Coefficient statistics:
INFO:gurobipy:  Matrix range     [1e+00, 1e+00]
INFO:gurobipy:  Objective range  [1e+02, 2e+03]
INFO:gurobipy:  Bounds range     [1e+00, 1e+00]
INFO:gurobipy:  RHS range        [1e+00, 1e+00]
INFO:gurobipy:Found heuristic solution: objective 308.2518533
INFO:gurobipy:Presolve removed 28 rows and 21 columns
INFO:gurobipy:Presolve time: 0.00s
INFO:gurobipy:Presolve: All rows and columns removed
INFO:gurobipy:
INFO:gurobipy:Explored 0 nodes (0 simplex iterations) in 0.00 seconds (0.00 work units)
INFO:gurobipy:Thread count was 1 (of 16 available processors)
INFO:gurobipy:
INFO:gurobipy:Solution count 2: 140.716 308.252 
INFO:gurobipy:
INFO:gurobipy:Optimal solution found (tolerance 1.00e-04)
INFO:gurobipy:Best objective 1.407156186791e+02, best bound 1.407156186791e+02, gap 0.0000%
INFO:root:Step 5: 23->21 (move, cost=140.9)
INFO:gurobipy:Set parameter TimeLimit to value 300
INFO:gurobipy:Gurobi Optimizer version 12.0.1 build v12.0.1rc0 (win64 - Windows 11.0 (22631.2))
INFO:gurobipy:
INFO:gurobipy:CPU model: 13th Gen Intel(R) Core(TM) i7-13620H, instruction set [SSE2|AVX|AVX2]
INFO:gurobipy:Thread count: 10 physical cores, 16 logical processors, using up to 16 threads
INFO:gurobipy:
INFO:gurobipy:Non-default parameters:
INFO:gurobipy:TimeLimit  300
INFO:gurobipy:
INFO:gurobipy:Optimize a model with 29 rows, 20 columns and 48 nonzeros
INFO:gurobipy:Model fingerprint: 0xf0974b9b
INFO:gurobipy:Variable types: 0 continuous, 20 integer (20 binary)
INFO:gurobipy:Coefficient statistics:
INFO:gurobipy:  Matrix range     [1e+00, 1e+00]
INFO:gurobipy:  Objective range  [3e+02, 2e+03]
INFO:gurobipy:  Bounds range     [1e+00, 1e+00]
INFO:gurobipy:  RHS range        [1e+00, 1e+00]
INFO:gurobipy:Found heuristic solution: objective 285.8624866
INFO:gurobipy:Presolve removed 29 rows and 20 columns
INFO:gurobipy:Presolve time: 0.00s
INFO:gurobipy:Presolve: All rows and columns removed
INFO:gurobipy:
INFO:gurobipy:Explored 0 nodes (0 simplex iterations) in 0.01 seconds (0.00 work units)
INFO:gurobipy:Thread count was 1 (of 16 available processors)
INFO:gurobipy:
INFO:gurobipy:Solution count 1: 285.862 
INFO:gurobipy:
INFO:gurobipy:Optimal solution found (tolerance 1.00e-04)
INFO:gurobipy:Best objective 2.858624865663e+02, best bound 2.858624865663e+02, gap 0.0000%
INFO:root:Step 6: 21->0 (recharge, cost=288.7)
INFO:gurobipy:Set parameter TimeLimit to value 300
INFO:gurobipy:Gurobi Optimizer version 12.0.1 build v12.0.1rc0 (win64 - Windows 11.0 (22631.2))
INFO:gurobipy:
INFO:gurobipy:CPU model: 13th Gen Intel(R) Core(TM) i7-13620H, instruction set [SSE2|AVX|AVX2]
INFO:gurobipy:Thread count: 10 physical cores, 16 logical processors, using up to 16 threads
INFO:gurobipy:
INFO:gurobipy:Non-default parameters:
INFO:gurobipy:TimeLimit  300
INFO:gurobipy:
INFO:gurobipy:Optimize a model with 22 rows, 19 columns and 40 nonzeros
INFO:gurobipy:Model fingerprint: 0x38039e07
INFO:gurobipy:Variable types: 0 continuous, 19 integer (19 binary)
INFO:gurobipy:Coefficient statistics:
INFO:gurobipy:  Matrix range     [1e+00, 1e+00]
INFO:gurobipy:  Objective range  [3e+02, 3e+03]
INFO:gurobipy:  Bounds range     [1e+00, 1e+00]
INFO:gurobipy:  RHS range        [1e+00, 1e+00]
INFO:gurobipy:Found heuristic solution: objective 702.3426028
INFO:gurobipy:Presolve removed 22 rows and 19 columns
INFO:gurobipy:Presolve time: 0.00s
INFO:gurobipy:Presolve: All rows and columns removed
INFO:gurobipy:
INFO:gurobipy:Explored 0 nodes (0 simplex iterations) in 0.01 seconds (0.00 work units)
INFO:gurobipy:Thread count was 1 (of 16 available processors)
INFO:gurobipy:
INFO:gurobipy:Solution count 2: 282.7 702.343 
INFO:gurobipy:
INFO:gurobipy:Optimal solution found (tolerance 1.00e-04)
INFO:gurobipy:Best objective 2.826996794562e+02, best bound 2.826996794562e+02, gap 0.0000%
INFO:root:Step 7: 0->24 (move, cost=282.9)
INFO:gurobipy:Set parameter TimeLimit to value 300
INFO:gurobipy:Gurobi Optimizer version 12.0.1 build v12.0.1rc0 (win64 - Windows 11.0 (22631.2))
INFO:gurobipy:
INFO:gurobipy:CPU model: 13th Gen Intel(R) Core(TM) i7-13620H, instruction set [SSE2|AVX|AVX2]
INFO:gurobipy:Thread count: 10 physical cores, 16 logical processors, using up to 16 threads
INFO:gurobipy:
INFO:gurobipy:Non-default parameters:
INFO:gurobipy:TimeLimit  300
INFO:gurobipy:
INFO:gurobipy:Optimize a model with 17 rows, 19 columns and 35 nonzeros
INFO:gurobipy:Model fingerprint: 0x6290883d
INFO:gurobipy:Variable types: 0 continuous, 19 integer (19 binary)
INFO:gurobipy:Coefficient statistics:
INFO:gurobipy:  Matrix range     [1e+00, 1e+00]
INFO:gurobipy:  Objective range  [1e+02, 2e+03]
INFO:gurobipy:  Bounds range     [1e+00, 1e+00]
INFO:gurobipy:  RHS range        [1e+00, 1e+00]
INFO:gurobipy:Found heuristic solution: objective 280.0292458
INFO:gurobipy:Presolve removed 17 rows and 19 columns
INFO:gurobipy:Presolve time: 0.00s
INFO:gurobipy:Presolve: All rows and columns removed
INFO:gurobipy:
INFO:gurobipy:Explored 0 nodes (0 simplex iterations) in 0.01 seconds (0.00 work units)
INFO:gurobipy:Thread count was 1 (of 16 available processors)
INFO:gurobipy:
INFO:gurobipy:Solution count 2: 104.425 280.029 
INFO:gurobipy:
INFO:gurobipy:Optimal solution found (tolerance 1.00e-04)
INFO:gurobipy:Best objective 1.044251295318e+02, best bound 1.044251295318e+02, gap 0.0000%
INFO:root:Step 8: 24->13 (move, cost=104.6)
INFO:gurobipy:Set parameter TimeLimit to value 300
INFO:gurobipy:Gurobi Optimizer version 12.0.1 build v12.0.1rc0 (win64 - Windows 11.0 (22631.2))
INFO:gurobipy:
INFO:gurobipy:CPU model: 13th Gen Intel(R) Core(TM) i7-13620H, instruction set [SSE2|AVX|AVX2]
INFO:gurobipy:Thread count: 10 physical cores, 16 logical processors, using up to 16 threads
INFO:gurobipy:
INFO:gurobipy:Non-default parameters:
INFO:gurobipy:TimeLimit  300
INFO:gurobipy:
INFO:gurobipy:Optimize a model with 16 rows, 18 columns and 33 nonzeros
INFO:gurobipy:Model fingerprint: 0x4a91b045
INFO:gurobipy:Variable types: 0 continuous, 18 integer (18 binary)
INFO:gurobipy:Coefficient statistics:
INFO:gurobipy:  Matrix range     [1e+00, 1e+00]
INFO:gurobipy:  Objective range  [2e+02, 2e+03]
INFO:gurobipy:  Bounds range     [1e+00, 1e+00]
INFO:gurobipy:  RHS range        [1e+00, 1e+00]
INFO:gurobipy:Found heuristic solution: objective 371.8698214
INFO:gurobipy:Presolve removed 16 rows and 18 columns
INFO:gurobipy:Presolve time: 0.00s
INFO:gurobipy:Presolve: All rows and columns removed
INFO:gurobipy:
INFO:gurobipy:Explored 0 nodes (0 simplex iterations) in 0.00 seconds (0.00 work units)
INFO:gurobipy:Thread count was 1 (of 16 available processors)
INFO:gurobipy:
INFO:gurobipy:Solution count 2: 226.842 371.87 
INFO:gurobipy:
INFO:gurobipy:Optimal solution found (tolerance 1.00e-04)
INFO:gurobipy:Best objective 2.268418379274e+02, best bound 2.268418379274e+02, gap 0.0000%
INFO:root:Step 9: 13->5 (move, cost=227.0)
INFO:gurobipy:Set parameter TimeLimit to value 300
INFO:gurobipy:Gurobi Optimizer version 12.0.1 build v12.0.1rc0 (win64 - Windows 11.0 (22631.2))
INFO:gurobipy:
INFO:gurobipy:CPU model: 13th Gen Intel(R) Core(TM) i7-13620H, instruction set [SSE2|AVX|AVX2]
INFO:gurobipy:Thread count: 10 physical cores, 16 logical processors, using up to 16 threads
INFO:gurobipy:
INFO:gurobipy:Non-default parameters:
INFO:gurobipy:TimeLimit  300
INFO:gurobipy:
INFO:gurobipy:Optimize a model with 21 rows, 17 columns and 37 nonzeros
INFO:gurobipy:Model fingerprint: 0x01751c70
INFO:gurobipy:Variable types: 0 continuous, 17 integer (17 binary)
INFO:gurobipy:Coefficient statistics:
INFO:gurobipy:  Matrix range     [1e+00, 1e+00]
INFO:gurobipy:  Objective range  [3e+02, 2e+03]
INFO:gurobipy:  Bounds range     [1e+00, 1e+00]
INFO:gurobipy:  RHS range        [1e+00, 1e+00]
INFO:gurobipy:Found heuristic solution: objective 341.5060609
INFO:gurobipy:Presolve removed 21 rows and 17 columns
INFO:gurobipy:Presolve time: 0.00s
INFO:gurobipy:Presolve: All rows and columns removed
INFO:gurobipy:
INFO:gurobipy:Explored 0 nodes (0 simplex iterations) in 0.00 seconds (0.00 work units)
INFO:gurobipy:Thread count was 1 (of 16 available processors)
INFO:gurobipy:
INFO:gurobipy:Solution count 2: 269.708 341.506 
INFO:gurobipy:
INFO:gurobipy:Optimal solution found (tolerance 1.00e-04)
INFO:gurobipy:Best objective 2.697077484354e+02, best bound 2.697077484354e+02, gap 0.0000%
INFO:root:Step 10: 5->12 (move, cost=269.9)
INFO:gurobipy:Set parameter TimeLimit to value 300
INFO:gurobipy:Gurobi Optimizer version 12.0.1 build v12.0.1rc0 (win64 - Windows 11.0 (22631.2))
INFO:gurobipy:
INFO:gurobipy:CPU model: 13th Gen Intel(R) Core(TM) i7-13620H, instruction set [SSE2|AVX|AVX2]
INFO:gurobipy:Thread count: 10 physical cores, 16 logical processors, using up to 16 threads
INFO:gurobipy:
INFO:gurobipy:Non-default parameters:
INFO:gurobipy:TimeLimit  300
INFO:gurobipy:
INFO:gurobipy:Optimize a model with 21 rows, 16 columns and 36 nonzeros
INFO:gurobipy:Model fingerprint: 0xea168176
INFO:gurobipy:Variable types: 0 continuous, 16 integer (16 binary)
INFO:gurobipy:Coefficient statistics:
INFO:gurobipy:  Matrix range     [1e+00, 1e+00]
INFO:gurobipy:  Objective range  [2e+02, 1e+03]
INFO:gurobipy:  Bounds range     [1e+00, 1e+00]
INFO:gurobipy:  RHS range        [1e+00, 1e+00]
INFO:gurobipy:Found heuristic solution: objective 546.5502258
INFO:gurobipy:Presolve removed 21 rows and 16 columns
INFO:gurobipy:Presolve time: 0.00s
INFO:gurobipy:Presolve: All rows and columns removed
INFO:gurobipy:
INFO:gurobipy:Explored 0 nodes (0 simplex iterations) in 0.01 seconds (0.00 work units)
INFO:gurobipy:Thread count was 1 (of 16 available processors)
INFO:gurobipy:
INFO:gurobipy:Solution count 2: 220.196 546.55 
INFO:gurobipy:
INFO:gurobipy:Optimal solution found (tolerance 1.00e-04)
INFO:gurobipy:Best objective 2.201962912054e+02, best bound 2.201962912054e+02, gap 0.0000%
INFO:root:Step 11: 12->19 (move, cost=220.3)
INFO:gurobipy:Set parameter TimeLimit to value 300
INFO:gurobipy:Gurobi Optimizer version 12.0.1 build v12.0.1rc0 (win64 - Windows 11.0 (22631.2))
INFO:gurobipy:
INFO:gurobipy:CPU model: 13th Gen Intel(R) Core(TM) i7-13620H, instruction set [SSE2|AVX|AVX2]
INFO:gurobipy:Thread count: 10 physical cores, 16 logical processors, using up to 16 threads
INFO:gurobipy:
INFO:gurobipy:Non-default parameters:
INFO:gurobipy:TimeLimit  300
INFO:gurobipy:
INFO:gurobipy:Optimize a model with 22 rows, 15 columns and 36 nonzeros
INFO:gurobipy:Model fingerprint: 0x95442b84
INFO:gurobipy:Variable types: 0 continuous, 15 integer (15 binary)
INFO:gurobipy:Coefficient statistics:
INFO:gurobipy:  Matrix range     [1e+00, 1e+00]
INFO:gurobipy:  Objective range  [1e+02, 2e+03]
INFO:gurobipy:  Bounds range     [1e+00, 1e+00]
INFO:gurobipy:  RHS range        [1e+00, 1e+00]
INFO:gurobipy:Found heuristic solution: objective 122.9079641
INFO:gurobipy:Presolve removed 22 rows and 15 columns
INFO:gurobipy:Presolve time: 0.00s
INFO:gurobipy:Presolve: All rows and columns removed
INFO:gurobipy:
INFO:gurobipy:Explored 0 nodes (0 simplex iterations) in 0.00 seconds (0.00 work units)
INFO:gurobipy:Thread count was 1 (of 16 available processors)
INFO:gurobipy:
INFO:gurobipy:Solution count 1: 122.908 
INFO:gurobipy:
INFO:gurobipy:Optimal solution found (tolerance 1.00e-04)
INFO:gurobipy:Best objective 1.229079641206e+02, best bound 1.229079641206e+02, gap 0.0000%
INFO:root:Step 12: 19->4 (recharge, cost=125.7)
INFO:gurobipy:Set parameter TimeLimit to value 300
INFO:gurobipy:Gurobi Optimizer version 12.0.1 build v12.0.1rc0 (win64 - Windows 11.0 (22631.2))
INFO:gurobipy:
INFO:gurobipy:CPU model: 13th Gen Intel(R) Core(TM) i7-13620H, instruction set [SSE2|AVX|AVX2]
INFO:gurobipy:Thread count: 10 physical cores, 16 logical processors, using up to 16 threads
INFO:gurobipy:
INFO:gurobipy:Non-default parameters:
INFO:gurobipy:TimeLimit  300
INFO:gurobipy:
INFO:gurobipy:Optimize a model with 18 rows, 14 columns and 31 nonzeros
INFO:gurobipy:Model fingerprint: 0x0894a0e7
INFO:gurobipy:Variable types: 0 continuous, 14 integer (14 binary)
INFO:gurobipy:Coefficient statistics:
INFO:gurobipy:  Matrix range     [1e+00, 1e+00]
INFO:gurobipy:  Objective range  [7e+01, 2e+03]
INFO:gurobipy:  Bounds range     [1e+00, 1e+00]
INFO:gurobipy:  RHS range        [1e+00, 1e+00]
INFO:gurobipy:Found heuristic solution: objective 690.8476319
INFO:gurobipy:Presolve removed 18 rows and 14 columns
INFO:gurobipy:Presolve time: 0.01s
INFO:gurobipy:Presolve: All rows and columns removed
INFO:gurobipy:
INFO:gurobipy:Explored 0 nodes (0 simplex iterations) in 0.01 seconds (0.00 work units)
INFO:gurobipy:Thread count was 1 (of 16 available processors)
INFO:gurobipy:
INFO:gurobipy:Solution count 2: 66.2957 690.848 
INFO:gurobipy:
INFO:gurobipy:Optimal solution found (tolerance 1.00e-04)
INFO:gurobipy:Best objective 6.629565872647e+01, best bound 6.629565872647e+01, gap 0.0000%
INFO:root:Step 13: 4->20 (move, cost=66.5)
INFO:gurobipy:Set parameter TimeLimit to value 300
INFO:gurobipy:Gurobi Optimizer version 12.0.1 build v12.0.1rc0 (win64 - Windows 11.0 (22631.2))
INFO:gurobipy:
INFO:gurobipy:CPU model: 13th Gen Intel(R) Core(TM) i7-13620H, instruction set [SSE2|AVX|AVX2]
INFO:gurobipy:Thread count: 10 physical cores, 16 logical processors, using up to 16 threads
INFO:gurobipy:
INFO:gurobipy:Non-default parameters:
INFO:gurobipy:TimeLimit  300
INFO:gurobipy:
INFO:gurobipy:Optimize a model with 14 rows, 14 columns and 27 nonzeros
INFO:gurobipy:Model fingerprint: 0x295164e1
INFO:gurobipy:Variable types: 0 continuous, 14 integer (14 binary)
INFO:gurobipy:Coefficient statistics:
INFO:gurobipy:  Matrix range     [1e+00, 1e+00]
INFO:gurobipy:  Objective range  [6e+01, 2e+03]
INFO:gurobipy:  Bounds range     [1e+00, 1e+00]
INFO:gurobipy:  RHS range        [1e+00, 1e+00]
INFO:gurobipy:Found heuristic solution: objective 821.8777001
INFO:gurobipy:Presolve removed 14 rows and 14 columns
INFO:gurobipy:Presolve time: 0.00s
INFO:gurobipy:Presolve: All rows and columns removed
INFO:gurobipy:
INFO:gurobipy:Explored 0 nodes (0 simplex iterations) in 0.00 seconds (0.00 work units)
INFO:gurobipy:Thread count was 1 (of 16 available processors)
INFO:gurobipy:
INFO:gurobipy:Solution count 2: 63.6258 821.878 
INFO:gurobipy:
INFO:gurobipy:Optimal solution found (tolerance 1.00e-04)
INFO:gurobipy:Best objective 6.362578517594e+01, best bound 6.362578517594e+01, gap 0.0000%
INFO:root:Step 14: 20->4 (recharge, cost=66.5)
INFO:gurobipy:Set parameter TimeLimit to value 300
INFO:gurobipy:Gurobi Optimizer version 12.0.1 build v12.0.1rc0 (win64 - Windows 11.0 (22631.2))
INFO:gurobipy:
INFO:gurobipy:CPU model: 13th Gen Intel(R) Core(TM) i7-13620H, instruction set [SSE2|AVX|AVX2]
INFO:gurobipy:Thread count: 10 physical cores, 16 logical processors, using up to 16 threads
INFO:gurobipy:
INFO:gurobipy:Non-default parameters:
INFO:gurobipy:TimeLimit  300
INFO:gurobipy:
INFO:gurobipy:Optimize a model with 15 rows, 13 columns and 27 nonzeros
INFO:gurobipy:Model fingerprint: 0xd528286a
INFO:gurobipy:Variable types: 0 continuous, 13 integer (13 binary)
INFO:gurobipy:Coefficient statistics:
INFO:gurobipy:  Matrix range     [1e+00, 1e+00]
INFO:gurobipy:  Objective range  [2e+02, 2e+03]
INFO:gurobipy:  Bounds range     [1e+00, 1e+00]
INFO:gurobipy:  RHS range        [1e+00, 1e+00]
INFO:gurobipy:Found heuristic solution: objective 690.8476319
INFO:gurobipy:Presolve removed 15 rows and 13 columns
INFO:gurobipy:Presolve time: 0.00s
INFO:gurobipy:Presolve: All rows and columns removed
INFO:gurobipy:
INFO:gurobipy:Explored 0 nodes (0 simplex iterations) in 0.00 seconds (0.00 work units)
INFO:gurobipy:Thread count was 1 (of 16 available processors)
INFO:gurobipy:
INFO:gurobipy:Solution count 2: 231.935 690.848 
INFO:gurobipy:
INFO:gurobipy:Optimal solution found (tolerance 1.00e-04)
INFO:gurobipy:Best objective 2.319354890094e+02, best bound 2.319354890094e+02, gap 0.0000%
INFO:root:Step 15: 4->14 (move, cost=232.1)
INFO:gurobipy:Set parameter TimeLimit to value 300
INFO:gurobipy:Gurobi Optimizer version 12.0.1 build v12.0.1rc0 (win64 - Windows 11.0 (22631.2))
INFO:gurobipy:
INFO:gurobipy:CPU model: 13th Gen Intel(R) Core(TM) i7-13620H, instruction set [SSE2|AVX|AVX2]
INFO:gurobipy:Thread count: 10 physical cores, 16 logical processors, using up to 16 threads
INFO:gurobipy:
INFO:gurobipy:Non-default parameters:
INFO:gurobipy:TimeLimit  300
INFO:gurobipy:
INFO:gurobipy:Optimize a model with 15 rows, 13 columns and 27 nonzeros
INFO:gurobipy:Model fingerprint: 0x0f811848
INFO:gurobipy:Variable types: 0 continuous, 13 integer (13 binary)
INFO:gurobipy:Coefficient statistics:
INFO:gurobipy:  Matrix range     [1e+00, 1e+00]
INFO:gurobipy:  Objective range  [2e+02, 2e+03]
INFO:gurobipy:  Bounds range     [1e+00, 1e+00]
INFO:gurobipy:  RHS range        [1e+00, 1e+00]
INFO:gurobipy:Found heuristic solution: objective 1001.1096259
INFO:gurobipy:Presolve removed 15 rows and 13 columns
INFO:gurobipy:Presolve time: 0.00s
INFO:gurobipy:Presolve: All rows and columns removed
INFO:gurobipy:
INFO:gurobipy:Explored 0 nodes (0 simplex iterations) in 0.00 seconds (0.00 work units)
INFO:gurobipy:Thread count was 1 (of 16 available processors)
INFO:gurobipy:
INFO:gurobipy:Solution count 2: 187.627 1001.11 
INFO:gurobipy:
INFO:gurobipy:Optimal solution found (tolerance 1.00e-04)
INFO:gurobipy:Best objective 1.876268075593e+02, best bound 1.876268075593e+02, gap 0.0000%
INFO:root:Step 16: 14->8 (move, cost=187.8)
INFO:gurobipy:Set parameter TimeLimit to value 300
INFO:gurobipy:Gurobi Optimizer version 12.0.1 build v12.0.1rc0 (win64 - Windows 11.0 (22631.2))
INFO:gurobipy:
INFO:gurobipy:CPU model: 13th Gen Intel(R) Core(TM) i7-13620H, instruction set [SSE2|AVX|AVX2]
INFO:gurobipy:Thread count: 10 physical cores, 16 logical processors, using up to 16 threads
INFO:gurobipy:
INFO:gurobipy:Non-default parameters:
INFO:gurobipy:TimeLimit  300
INFO:gurobipy:
INFO:gurobipy:Optimize a model with 15 rows, 12 columns and 26 nonzeros
INFO:gurobipy:Model fingerprint: 0x74ab5770
INFO:gurobipy:Variable types: 0 continuous, 12 integer (12 binary)
INFO:gurobipy:Coefficient statistics:
INFO:gurobipy:  Matrix range     [1e+00, 1e+00]
INFO:gurobipy:  Objective range  [2e+02, 2e+03]
INFO:gurobipy:  Bounds range     [1e+00, 1e+00]
INFO:gurobipy:  RHS range        [1e+00, 1e+00]
INFO:gurobipy:Found heuristic solution: objective 1050.3861821
INFO:gurobipy:Presolve removed 15 rows and 12 columns
INFO:gurobipy:Presolve time: 0.00s
INFO:gurobipy:Presolve: All rows and columns removed
INFO:gurobipy:
INFO:gurobipy:Explored 0 nodes (0 simplex iterations) in 0.00 seconds (0.00 work units)
INFO:gurobipy:Thread count was 1 (of 16 available processors)
INFO:gurobipy:
INFO:gurobipy:Solution count 2: 229.776 1050.39 
INFO:gurobipy:
INFO:gurobipy:Optimal solution found (tolerance 1.00e-04)
INFO:gurobipy:Best objective 2.297756339021e+02, best bound 2.297756339021e+02, gap 0.0000%
INFO:root:Step 17: 8->4 (recharge, cost=232.6)
INFO:gurobipy:Set parameter TimeLimit to value 300
INFO:gurobipy:Gurobi Optimizer version 12.0.1 build v12.0.1rc0 (win64 - Windows 11.0 (22631.2))
INFO:gurobipy:
INFO:gurobipy:CPU model: 13th Gen Intel(R) Core(TM) i7-13620H, instruction set [SSE2|AVX|AVX2]
INFO:gurobipy:Thread count: 10 physical cores, 16 logical processors, using up to 16 threads
INFO:gurobipy:
INFO:gurobipy:Non-default parameters:
INFO:gurobipy:TimeLimit  300
INFO:gurobipy:
INFO:gurobipy:Optimize a model with 16 rows, 11 columns and 26 nonzeros
INFO:gurobipy:Model fingerprint: 0x33416a2f
INFO:gurobipy:Variable types: 0 continuous, 11 integer (11 binary)
INFO:gurobipy:Coefficient statistics:
INFO:gurobipy:  Matrix range     [1e+00, 1e+00]
INFO:gurobipy:  Objective range  [5e+02, 2e+03]
INFO:gurobipy:  Bounds range     [1e+00, 1e+00]
INFO:gurobipy:  RHS range        [1e+00, 1e+00]
INFO:gurobipy:Found heuristic solution: objective 1161.5513764
INFO:gurobipy:Presolve removed 16 rows and 11 columns
INFO:gurobipy:Presolve time: 0.00s
INFO:gurobipy:Presolve: All rows and columns removed
INFO:gurobipy:
INFO:gurobipy:Explored 0 nodes (0 simplex iterations) in 0.00 seconds (0.00 work units)
INFO:gurobipy:Thread count was 1 (of 16 available processors)
INFO:gurobipy:
INFO:gurobipy:Solution count 2: 533.147 1161.55 
INFO:gurobipy:
INFO:gurobipy:Optimal solution found (tolerance 1.00e-04)
INFO:gurobipy:Best objective 5.331472351056e+02, best bound 5.331472351056e+02, gap 0.0000%
INFO:root:Step 18: 4->17 (move, cost=533.3)
INFO:gurobipy:Set parameter TimeLimit to value 300
INFO:gurobipy:Gurobi Optimizer version 12.0.1 build v12.0.1rc0 (win64 - Windows 11.0 (22631.2))
INFO:gurobipy:
INFO:gurobipy:CPU model: 13th Gen Intel(R) Core(TM) i7-13620H, instruction set [SSE2|AVX|AVX2]
INFO:gurobipy:Thread count: 10 physical cores, 16 logical processors, using up to 16 threads
INFO:gurobipy:
INFO:gurobipy:Non-default parameters:
INFO:gurobipy:TimeLimit  300
INFO:gurobipy:
INFO:gurobipy:Optimize a model with 16 rows, 11 columns and 26 nonzeros
INFO:gurobipy:Model fingerprint: 0x8990ee8d
INFO:gurobipy:Variable types: 0 continuous, 11 integer (11 binary)
INFO:gurobipy:Coefficient statistics:
INFO:gurobipy:  Matrix range     [1e+00, 1e+00]
INFO:gurobipy:  Objective range  [5e+02, 2e+03]
INFO:gurobipy:  Bounds range     [1e+00, 1e+00]
INFO:gurobipy:  RHS range        [1e+00, 1e+00]
INFO:gurobipy:Found heuristic solution: objective 466.5357024
INFO:gurobipy:Presolve removed 16 rows and 11 columns
INFO:gurobipy:Presolve time: 0.00s
INFO:gurobipy:Presolve: All rows and columns removed
INFO:gurobipy:
INFO:gurobipy:Explored 0 nodes (0 simplex iterations) in 0.00 seconds (0.00 work units)
INFO:gurobipy:Thread count was 1 (of 16 available processors)
INFO:gurobipy:
INFO:gurobipy:Solution count 1: 466.536 
INFO:gurobipy:
INFO:gurobipy:Optimal solution found (tolerance 1.00e-04)
INFO:gurobipy:Best objective 4.665357024352e+02, best bound 4.665357024352e+02, gap 0.0000%
INFO:root:Step 19: 17->0 (recharge, cost=469.4)
INFO:gurobipy:Set parameter TimeLimit to value 300
INFO:gurobipy:Gurobi Optimizer version 12.0.1 build v12.0.1rc0 (win64 - Windows 11.0 (22631.2))
INFO:gurobipy:
INFO:gurobipy:CPU model: 13th Gen Intel(R) Core(TM) i7-13620H, instruction set [SSE2|AVX|AVX2]
INFO:gurobipy:Thread count: 10 physical cores, 16 logical processors, using up to 16 threads
INFO:gurobipy:
INFO:gurobipy:Non-default parameters:
INFO:gurobipy:TimeLimit  300
INFO:gurobipy:
INFO:gurobipy:Optimize a model with 14 rows, 10 columns and 23 nonzeros
INFO:gurobipy:Model fingerprint: 0xd7559329
INFO:gurobipy:Variable types: 0 continuous, 10 integer (10 binary)
INFO:gurobipy:Coefficient statistics:
INFO:gurobipy:  Matrix range     [1e+00, 1e+00]
INFO:gurobipy:  Objective range  [8e+02, 3e+03]
INFO:gurobipy:  Bounds range     [1e+00, 1e+00]
INFO:gurobipy:  RHS range        [1e+00, 1e+00]
INFO:gurobipy:Found heuristic solution: objective 837.0176894
INFO:gurobipy:Presolve removed 14 rows and 10 columns
INFO:gurobipy:Presolve time: 0.00s
INFO:gurobipy:Presolve: All rows and columns removed
INFO:gurobipy:
INFO:gurobipy:Explored 0 nodes (0 simplex iterations) in 0.01 seconds (0.00 work units)
INFO:gurobipy:Thread count was 1 (of 16 available processors)
INFO:gurobipy:
INFO:gurobipy:Solution count 1: 837.018 
INFO:gurobipy:
INFO:gurobipy:Optimal solution found (tolerance 1.00e-04)
INFO:gurobipy:Best objective 8.370176893942e+02, best bound 8.370176893942e+02, gap 0.0000%
INFO:root:Step 20: 0->18 (move, cost=837.2)
INFO:gurobipy:Set parameter TimeLimit to value 300
INFO:gurobipy:Gurobi Optimizer version 12.0.1 build v12.0.1rc0 (win64 - Windows 11.0 (22631.2))
INFO:gurobipy:
INFO:gurobipy:CPU model: 13th Gen Intel(R) Core(TM) i7-13620H, instruction set [SSE2|AVX|AVX2]
INFO:gurobipy:Thread count: 10 physical cores, 16 logical processors, using up to 16 threads
INFO:gurobipy:
INFO:gurobipy:Non-default parameters:
INFO:gurobipy:TimeLimit  300
INFO:gurobipy:
INFO:gurobipy:Optimize a model with 13 rows, 10 columns and 22 nonzeros
INFO:gurobipy:Model fingerprint: 0xbfebeea6
INFO:gurobipy:Variable types: 0 continuous, 10 integer (10 binary)
INFO:gurobipy:Coefficient statistics:
INFO:gurobipy:  Matrix range     [1e+00, 1e+00]
INFO:gurobipy:  Objective range  [4e+02, 1e+03]
INFO:gurobipy:  Bounds range     [1e+00, 1e+00]
INFO:gurobipy:  RHS range        [1e+00, 1e+00]
INFO:gurobipy:Presolve removed 13 rows and 10 columns
INFO:gurobipy:Presolve time: 0.00s
INFO:gurobipy:Presolve: All rows and columns removed
INFO:gurobipy:
INFO:gurobipy:Explored 0 nodes (0 simplex iterations) in 0.00 seconds (0.00 work units)
INFO:gurobipy:Thread count was 1 (of 16 available processors)
INFO:gurobipy:
INFO:gurobipy:Solution count 1: 368.957 
INFO:gurobipy:
INFO:gurobipy:Optimal solution found (tolerance 1.00e-04)
INFO:gurobipy:Best objective 3.689569567290e+02, best bound 3.689569567290e+02, gap 0.0000%
INFO:root:Step 21: 18->2 (recharge, cost=371.8)
INFO:gurobipy:Set parameter TimeLimit to value 300
INFO:gurobipy:Gurobi Optimizer version 12.0.1 build v12.0.1rc0 (win64 - Windows 11.0 (22631.2))
INFO:gurobipy:
INFO:gurobipy:CPU model: 13th Gen Intel(R) Core(TM) i7-13620H, instruction set [SSE2|AVX|AVX2]
INFO:gurobipy:Thread count: 10 physical cores, 16 logical processors, using up to 16 threads
INFO:gurobipy:
INFO:gurobipy:Non-default parameters:
INFO:gurobipy:TimeLimit  300
INFO:gurobipy:
INFO:gurobipy:Optimize a model with 11 rows, 9 columns and 19 nonzeros
INFO:gurobipy:Model fingerprint: 0xf14a0d24
INFO:gurobipy:Variable types: 0 continuous, 9 integer (9 binary)
INFO:gurobipy:Coefficient statistics:
INFO:gurobipy:  Matrix range     [1e+00, 1e+00]
INFO:gurobipy:  Objective range  [1e+02, 2e+03]
INFO:gurobipy:  Bounds range     [1e+00, 1e+00]
INFO:gurobipy:  RHS range        [1e+00, 1e+00]
INFO:gurobipy:Found heuristic solution: objective 1129.1307954
INFO:gurobipy:Presolve removed 11 rows and 9 columns
INFO:gurobipy:Presolve time: 0.00s
INFO:gurobipy:Presolve: All rows and columns removed
INFO:gurobipy:
INFO:gurobipy:Explored 0 nodes (0 simplex iterations) in 0.01 seconds (0.00 work units)
INFO:gurobipy:Thread count was 1 (of 16 available processors)
INFO:gurobipy:
INFO:gurobipy:Solution count 2: 135.432 1129.13 
INFO:gurobipy:
INFO:gurobipy:Optimal solution found (tolerance 1.00e-04)
INFO:gurobipy:Best objective 1.354315708027e+02, best bound 1.354315708027e+02, gap 0.0000%
INFO:root:Step 22: 2->6 (move, cost=135.6)
INFO:gurobipy:Set parameter TimeLimit to value 300
INFO:gurobipy:Gurobi Optimizer version 12.0.1 build v12.0.1rc0 (win64 - Windows 11.0 (22631.2))
INFO:gurobipy:
INFO:gurobipy:CPU model: 13th Gen Intel(R) Core(TM) i7-13620H, instruction set [SSE2|AVX|AVX2]
INFO:gurobipy:Thread count: 10 physical cores, 16 logical processors, using up to 16 threads
INFO:gurobipy:
INFO:gurobipy:Non-default parameters:
INFO:gurobipy:TimeLimit  300
INFO:gurobipy:
INFO:gurobipy:Optimize a model with 8 rows, 9 columns and 16 nonzeros
INFO:gurobipy:Model fingerprint: 0x8f9beef7
INFO:gurobipy:Variable types: 0 continuous, 9 integer (9 binary)
INFO:gurobipy:Coefficient statistics:
INFO:gurobipy:  Matrix range     [1e+00, 1e+00]
INFO:gurobipy:  Objective range  [1e+02, 2e+03]
INFO:gurobipy:  Bounds range     [1e+00, 1e+00]
INFO:gurobipy:  RHS range        [1e+00, 1e+00]
INFO:gurobipy:Found heuristic solution: objective 1255.6376693
INFO:gurobipy:Presolve removed 8 rows and 9 columns
INFO:gurobipy:Presolve time: 0.00s
INFO:gurobipy:Presolve: All rows and columns removed
INFO:gurobipy:
INFO:gurobipy:Explored 0 nodes (0 simplex iterations) in 0.01 seconds (0.00 work units)
INFO:gurobipy:Thread count was 1 (of 16 available processors)
INFO:gurobipy:
INFO:gurobipy:Solution count 2: 116.474 1255.64 
INFO:gurobipy:
INFO:gurobipy:Optimal solution found (tolerance 1.00e-04)
INFO:gurobipy:Best objective 1.164742152145e+02, best bound 1.164742152145e+02, gap 0.0000%
INFO:root:Step 23: 6->9 (move, cost=116.6)
INFO:gurobipy:Set parameter TimeLimit to value 300
INFO:gurobipy:Gurobi Optimizer version 12.0.1 build v12.0.1rc0 (win64 - Windows 11.0 (22631.2))
INFO:gurobipy:
INFO:gurobipy:CPU model: 13th Gen Intel(R) Core(TM) i7-13620H, instruction set [SSE2|AVX|AVX2]
INFO:gurobipy:Thread count: 10 physical cores, 16 logical processors, using up to 16 threads
INFO:gurobipy:
INFO:gurobipy:Non-default parameters:
INFO:gurobipy:TimeLimit  300
INFO:gurobipy:
INFO:gurobipy:Optimize a model with 10 rows, 8 columns and 17 nonzeros
INFO:gurobipy:Model fingerprint: 0x51dd1d58
INFO:gurobipy:Variable types: 0 continuous, 8 integer (8 binary)
INFO:gurobipy:Coefficient statistics:
INFO:gurobipy:  Matrix range     [1e+00, 1e+00]
INFO:gurobipy:  Objective range  [2e+02, 2e+03]
INFO:gurobipy:  Bounds range     [1e+00, 1e+00]
INFO:gurobipy:  RHS range        [1e+00, 1e+00]
INFO:gurobipy:Presolve removed 10 rows and 8 columns
INFO:gurobipy:Presolve time: 0.00s
INFO:gurobipy:Presolve: All rows and columns removed
INFO:gurobipy:
INFO:gurobipy:Explored 0 nodes (0 simplex iterations) in 0.01 seconds (0.00 work units)
INFO:gurobipy:Thread count was 1 (of 16 available processors)
INFO:gurobipy:
INFO:gurobipy:Solution count 1: 246.47 
INFO:gurobipy:
INFO:gurobipy:Optimal solution found (tolerance 1.00e-04)
INFO:gurobipy:Best objective 2.464698785772e+02, best bound 2.464698785772e+02, gap 0.0000%
INFO:root:Step 24: 9->2 (recharge, cost=249.3)
INFO:gurobipy:Set parameter TimeLimit to value 300
INFO:gurobipy:Gurobi Optimizer version 12.0.1 build v12.0.1rc0 (win64 - Windows 11.0 (22631.2))
INFO:gurobipy:
INFO:gurobipy:CPU model: 13th Gen Intel(R) Core(TM) i7-13620H, instruction set [SSE2|AVX|AVX2]
INFO:gurobipy:Thread count: 10 physical cores, 16 logical processors, using up to 16 threads
INFO:gurobipy:
INFO:gurobipy:Non-default parameters:
INFO:gurobipy:TimeLimit  300
INFO:gurobipy:
INFO:gurobipy:Optimize a model with 8 rows, 7 columns and 14 nonzeros
INFO:gurobipy:Model fingerprint: 0x4f3f899b
INFO:gurobipy:Variable types: 0 continuous, 7 integer (7 binary)
INFO:gurobipy:Coefficient statistics:
INFO:gurobipy:  Matrix range     [1e+00, 1e+00]
INFO:gurobipy:  Objective range  [2e+02, 2e+03]
INFO:gurobipy:  Bounds range     [1e+00, 1e+00]
INFO:gurobipy:  RHS range        [1e+00, 1e+00]
INFO:gurobipy:Found heuristic solution: objective 1129.1307954
INFO:gurobipy:Presolve removed 8 rows and 7 columns
INFO:gurobipy:Presolve time: 0.00s
INFO:gurobipy:Presolve: All rows and columns removed
INFO:gurobipy:
INFO:gurobipy:Explored 0 nodes (0 simplex iterations) in 0.00 seconds (0.00 work units)
INFO:gurobipy:Thread count was 1 (of 16 available processors)
INFO:gurobipy:
INFO:gurobipy:Solution count 2: 234.418 1129.13 
INFO:gurobipy:
INFO:gurobipy:Optimal solution found (tolerance 1.00e-04)
INFO:gurobipy:Best objective 2.344181394051e+02, best bound 2.344181394051e+02, gap 0.0000%
INFO:root:Step 25: 2->7 (move, cost=234.6)
INFO:gurobipy:Set parameter TimeLimit to value 300
INFO:gurobipy:Gurobi Optimizer version 12.0.1 build v12.0.1rc0 (win64 - Windows 11.0 (22631.2))
INFO:gurobipy:
INFO:gurobipy:CPU model: 13th Gen Intel(R) Core(TM) i7-13620H, instruction set [SSE2|AVX|AVX2]
INFO:gurobipy:Thread count: 10 physical cores, 16 logical processors, using up to 16 threads
INFO:gurobipy:
INFO:gurobipy:Non-default parameters:
INFO:gurobipy:TimeLimit  300
INFO:gurobipy:
INFO:gurobipy:Optimize a model with 6 rows, 7 columns and 12 nonzeros
INFO:gurobipy:Model fingerprint: 0x52e08bba
INFO:gurobipy:Variable types: 0 continuous, 7 integer (7 binary)
INFO:gurobipy:Coefficient statistics:
INFO:gurobipy:  Matrix range     [1e+00, 1e+00]
INFO:gurobipy:  Objective range  [2e+02, 2e+03]
INFO:gurobipy:  Bounds range     [1e+00, 1e+00]
INFO:gurobipy:  RHS range        [1e+00, 1e+00]
INFO:gurobipy:Found heuristic solution: objective 1073.1383120
INFO:gurobipy:Presolve removed 6 rows and 7 columns
INFO:gurobipy:Presolve time: 0.00s
INFO:gurobipy:Presolve: All rows and columns removed
INFO:gurobipy:
INFO:gurobipy:Explored 0 nodes (0 simplex iterations) in 0.00 seconds (0.00 work units)
INFO:gurobipy:Thread count was 1 (of 16 available processors)
INFO:gurobipy:
INFO:gurobipy:Solution count 2: 231.748 1073.14 
INFO:gurobipy:
INFO:gurobipy:Optimal solution found (tolerance 1.00e-04)
INFO:gurobipy:Best objective 2.317475012760e+02, best bound 2.317475012760e+02, gap 0.0000%
INFO:root:Step 26: 7->2 (recharge, cost=234.6)
INFO:gurobipy:Set parameter TimeLimit to value 300
INFO:gurobipy:Gurobi Optimizer version 12.0.1 build v12.0.1rc0 (win64 - Windows 11.0 (22631.2))
INFO:gurobipy:
INFO:gurobipy:CPU model: 13th Gen Intel(R) Core(TM) i7-13620H, instruction set [SSE2|AVX|AVX2]
INFO:gurobipy:Thread count: 10 physical cores, 16 logical processors, using up to 16 threads
INFO:gurobipy:
INFO:gurobipy:Non-default parameters:
INFO:gurobipy:TimeLimit  300
INFO:gurobipy:
INFO:gurobipy:Optimize a model with 7 rows, 6 columns and 12 nonzeros
INFO:gurobipy:Model fingerprint: 0xbb929f20
INFO:gurobipy:Variable types: 0 continuous, 6 integer (6 binary)
INFO:gurobipy:Coefficient statistics:
INFO:gurobipy:  Matrix range     [1e+00, 1e+00]
INFO:gurobipy:  Objective range  [1e+03, 2e+03]
INFO:gurobipy:  Bounds range     [1e+00, 1e+00]
INFO:gurobipy:  RHS range        [1e+00, 1e+00]
INFO:gurobipy:Found heuristic solution: objective 1129.1307954
INFO:gurobipy:Presolve removed 7 rows and 6 columns
INFO:gurobipy:Presolve time: 0.00s
INFO:gurobipy:Presolve: All rows and columns removed
INFO:gurobipy:
INFO:gurobipy:Explored 0 nodes (0 simplex iterations) in 0.00 seconds (0.00 work units)
INFO:gurobipy:Thread count was 1 (of 16 available processors)
INFO:gurobipy:
INFO:gurobipy:Solution count 1: 1129.13 
INFO:gurobipy:
INFO:gurobipy:Optimal solution found (tolerance 1.00e-04)
INFO:gurobipy:Best objective 1.129130795424e+03, best bound 1.129130795424e+03, gap 0.0000%
INFO:root:Step 27: 2->11 (move, cost=1129.3)
INFO:gurobipy:Set parameter TimeLimit to value 300
INFO:gurobipy:Gurobi Optimizer version 12.0.1 build v12.0.1rc0 (win64 - Windows 11.0 (22631.2))
INFO:gurobipy:
INFO:gurobipy:CPU model: 13th Gen Intel(R) Core(TM) i7-13620H, instruction set [SSE2|AVX|AVX2]
INFO:gurobipy:Thread count: 10 physical cores, 16 logical processors, using up to 16 threads
INFO:gurobipy:
INFO:gurobipy:Non-default parameters:
INFO:gurobipy:TimeLimit  300
INFO:gurobipy:
INFO:gurobipy:Optimize a model with 7 rows, 6 columns and 12 nonzeros
INFO:gurobipy:Model fingerprint: 0xea1300ae
INFO:gurobipy:Variable types: 0 continuous, 6 integer (6 binary)
INFO:gurobipy:Coefficient statistics:
INFO:gurobipy:  Matrix range     [1e+00, 1e+00]
INFO:gurobipy:  Objective range  [3e+00, 3e+03]
INFO:gurobipy:  Bounds range     [1e+00, 1e+00]
INFO:gurobipy:  RHS range        [1e+00, 1e+00]
INFO:gurobipy:Presolve removed 7 rows and 6 columns
INFO:gurobipy:Presolve time: 0.00s
INFO:gurobipy:Presolve: All rows and columns removed
INFO:gurobipy:
INFO:gurobipy:Explored 0 nodes (0 simplex iterations) in 0.01 seconds (0.00 work units)
INFO:gurobipy:Thread count was 1 (of 16 available processors)
INFO:gurobipy:
INFO:gurobipy:Solution count 1: -2.82719 
INFO:gurobipy:No other solutions better than -2.82719
INFO:gurobipy:
INFO:gurobipy:Optimal solution found (tolerance 1.00e-04)
INFO:gurobipy:Best objective -2.827190628052e+00, best bound -2.827190628052e+00, gap 0.0000%
INFO:root:Step 28: 11->3 (recharge, cost=0.0)
INFO:gurobipy:Set parameter TimeLimit to value 300
INFO:gurobipy:Gurobi Optimizer version 12.0.1 build v12.0.1rc0 (win64 - Windows 11.0 (22631.2))
INFO:gurobipy:
INFO:gurobipy:CPU model: 13th Gen Intel(R) Core(TM) i7-13620H, instruction set [SSE2|AVX|AVX2]
INFO:gurobipy:Thread count: 10 physical cores, 16 logical processors, using up to 16 threads
INFO:gurobipy:
INFO:gurobipy:Non-default parameters:
INFO:gurobipy:TimeLimit  300
INFO:gurobipy:
INFO:gurobipy:Optimize a model with 8 rows, 5 columns and 12 nonzeros
INFO:gurobipy:Model fingerprint: 0x5cb90e4a
INFO:gurobipy:Variable types: 0 continuous, 5 integer (5 binary)
INFO:gurobipy:Coefficient statistics:
INFO:gurobipy:  Matrix range     [1e+00, 1e+00]
INFO:gurobipy:  Objective range  [9e+02, 3e+03]
INFO:gurobipy:  Bounds range     [1e+00, 1e+00]
INFO:gurobipy:  RHS range        [1e+00, 1e+00]
INFO:gurobipy:Presolve removed 6 rows and 5 columns
INFO:gurobipy:Presolve time: 0.00s
INFO:gurobipy:
INFO:gurobipy:Explored 0 nodes (0 simplex iterations) in 0.00 seconds (0.00 work units)
INFO:gurobipy:Thread count was 1 (of 16 available processors)
INFO:gurobipy:
INFO:gurobipy:Solution count 0
INFO:gurobipy:
INFO:gurobipy:Model is infeasible
INFO:gurobipy:Best objective -, best bound -, gap -
ERROR:root:No valid action found
