INFO:gurobipy:Restricted license - for non-production use only - expires 2026-11-23
INFO:gurobipy:Set parameter TimeLimit to value 300
INFO:gurobipy:Gurobi Optimizer version 12.0.1 build v12.0.1rc0 (win64 - Windows 11.0 (22631.2))
INFO:gurobipy:
INFO:gurobipy:CPU model: 13th Gen Intel(R) Core(TM) i7-13620H, instruction set [SSE2|AVX|AVX2]
INFO:gurobipy:Thread count: 10 physical cores, 16 logical processors, using up to 16 threads
INFO:gurobipy:
INFO:gurobipy:Non-default parameters:
INFO:gurobipy:TimeLimit  300
INFO:gurobipy:
INFO:gurobipy:Optimize a model with 27 rows, 24 columns and 50 nonzeros
INFO:gurobipy:Model fingerprint: 0xc4af7ad7
INFO:gurobipy:Variable types: 0 continuous, 24 integer (24 binary)
INFO:gurobipy:Coefficient statistics:
INFO:gurobipy:  Matrix range     [1e+00, 1e+00]
INFO:gurobipy:  Objective range  [2e+02, 3e+03]
INFO:gurobipy:  Bounds range     [1e+00, 1e+00]
INFO:gurobipy:  RHS range        [1e+00, 1e+00]
INFO:gurobipy:Found heuristic solution: objective 344.6580393
INFO:gurobipy:Presolve removed 27 rows and 24 columns
INFO:gurobipy:Presolve time: 0.00s
INFO:gurobipy:Presolve: All rows and columns removed
INFO:gurobipy:
INFO:gurobipy:Explored 0 nodes (0 simplex iterations) in 0.00 seconds (0.00 work units)
INFO:gurobipy:Thread count was 1 (of 16 available processors)
INFO:gurobipy:
INFO:gurobipy:Solution count 2: 185.892 344.658 
INFO:gurobipy:
INFO:gurobipy:Optimal solution found (tolerance 1.00e-04)
INFO:gurobipy:Best objective 1.858919104110e+02, best bound 1.858919104110e+02, gap 0.0000%
INFO:root:Step 1: 0->22 (move, cost=185.6)
INFO:gurobipy:Set parameter TimeLimit to value 300
INFO:gurobipy:Gurobi Optimizer version 12.0.1 build v12.0.1rc0 (win64 - Windows 11.0 (22631.2))
INFO:gurobipy:
INFO:gurobipy:CPU model: 13th Gen Intel(R) Core(TM) i7-13620H, instruction set [SSE2|AVX|AVX2]
INFO:gurobipy:Thread count: 10 physical cores, 16 logical processors, using up to 16 threads
INFO:gurobipy:
INFO:gurobipy:Non-default parameters:
INFO:gurobipy:TimeLimit  300
INFO:gurobipy:
INFO:gurobipy:Optimize a model with 22 rows, 24 columns and 45 nonzeros
INFO:gurobipy:Model fingerprint: 0x33535856
INFO:gurobipy:Variable types: 0 continuous, 24 integer (24 binary)
INFO:gurobipy:Coefficient statistics:
INFO:gurobipy:  Matrix range     [1e+00, 1e+00]
INFO:gurobipy:  Objective range  [2e+02, 3e+03]
INFO:gurobipy:  Bounds range     [1e+00, 1e+00]
INFO:gurobipy:  RHS range        [1e+00, 1e+00]
INFO:gurobipy:Found heuristic solution: objective 189.3732183
INFO:gurobipy:Presolve removed 22 rows and 24 columns
INFO:gurobipy:Presolve time: 0.00s
INFO:gurobipy:Presolve: All rows and columns removed
INFO:gurobipy:
INFO:gurobipy:Explored 0 nodes (0 simplex iterations) in 0.01 seconds (0.00 work units)
INFO:gurobipy:Thread count was 1 (of 16 available processors)
INFO:gurobipy:
INFO:gurobipy:Solution count 2: 180.438 189.373 
INFO:gurobipy:
INFO:gurobipy:Optimal solution found (tolerance 1.00e-04)
INFO:gurobipy:Best objective 1.804379036991e+02, best bound 1.804379036991e+02, gap 0.0000%
INFO:root:Step 2: 22->16 (move, cost=180.1)
INFO:gurobipy:Set parameter TimeLimit to value 300
INFO:gurobipy:Gurobi Optimizer version 12.0.1 build v12.0.1rc0 (win64 - Windows 11.0 (22631.2))
INFO:gurobipy:
INFO:gurobipy:CPU model: 13th Gen Intel(R) Core(TM) i7-13620H, instruction set [SSE2|AVX|AVX2]
INFO:gurobipy:Thread count: 10 physical cores, 16 logical processors, using up to 16 threads
INFO:gurobipy:
INFO:gurobipy:Non-default parameters:
INFO:gurobipy:TimeLimit  300
INFO:gurobipy:
INFO:gurobipy:Optimize a model with 22 rows, 23 columns and 44 nonzeros
INFO:gurobipy:Model fingerprint: 0xe2f97362
INFO:gurobipy:Variable types: 0 continuous, 23 integer (23 binary)
INFO:gurobipy:Coefficient statistics:
INFO:gurobipy:  Matrix range     [1e+00, 1e+00]
INFO:gurobipy:  Objective range  [1e+02, 3e+03]
INFO:gurobipy:  Bounds range     [1e+00, 1e+00]
INFO:gurobipy:  RHS range        [1e+00, 1e+00]
INFO:gurobipy:Found heuristic solution: objective 248.5580668
INFO:gurobipy:Presolve removed 22 rows and 23 columns
INFO:gurobipy:Presolve time: 0.00s
INFO:gurobipy:Presolve: All rows and columns removed
INFO:gurobipy:
INFO:gurobipy:Explored 0 nodes (0 simplex iterations) in 0.00 seconds (0.00 work units)
INFO:gurobipy:Thread count was 1 (of 16 available processors)
INFO:gurobipy:
INFO:gurobipy:Solution count 2: 117.974 248.558 
INFO:gurobipy:
INFO:gurobipy:Optimal solution found (tolerance 1.00e-04)
INFO:gurobipy:Best objective 1.179744675131e+02, best bound 1.179744675131e+02, gap 0.0000%
INFO:root:Step 3: 16->15 (move, cost=117.7)
INFO:gurobipy:Set parameter TimeLimit to value 300
INFO:gurobipy:Gurobi Optimizer version 12.0.1 build v12.0.1rc0 (win64 - Windows 11.0 (22631.2))
INFO:gurobipy:
INFO:gurobipy:CPU model: 13th Gen Intel(R) Core(TM) i7-13620H, instruction set [SSE2|AVX|AVX2]
INFO:gurobipy:Thread count: 10 physical cores, 16 logical processors, using up to 16 threads
INFO:gurobipy:
INFO:gurobipy:Non-default parameters:
INFO:gurobipy:TimeLimit  300
INFO:gurobipy:
INFO:gurobipy:Optimize a model with 24 rows, 22 columns and 45 nonzeros
INFO:gurobipy:Model fingerprint: 0xab2427a6
INFO:gurobipy:Variable types: 0 continuous, 22 integer (22 binary)
INFO:gurobipy:Coefficient statistics:
INFO:gurobipy:  Matrix range     [1e+00, 1e+00]
INFO:gurobipy:  Objective range  [3e+02, 3e+03]
INFO:gurobipy:  Bounds range     [1e+00, 1e+00]
INFO:gurobipy:  RHS range        [1e+00, 1e+00]
INFO:gurobipy:Found heuristic solution: objective 365.9987334
INFO:gurobipy:Presolve removed 24 rows and 22 columns
INFO:gurobipy:Presolve time: 0.00s
INFO:gurobipy:Presolve: All rows and columns removed
INFO:gurobipy:
INFO:gurobipy:Explored 0 nodes (0 simplex iterations) in 0.01 seconds (0.00 work units)
INFO:gurobipy:Thread count was 1 (of 16 available processors)
INFO:gurobipy:
INFO:gurobipy:Solution count 2: 314.683 365.999 
INFO:gurobipy:
INFO:gurobipy:Optimal solution found (tolerance 1.00e-04)
INFO:gurobipy:Best objective 3.146826869178e+02, best bound 3.146826869178e+02, gap 0.0000%
INFO:root:Step 4: 15->23 (move, cost=314.4)
INFO:gurobipy:Set parameter TimeLimit to value 300
INFO:gurobipy:Gurobi Optimizer version 12.0.1 build v12.0.1rc0 (win64 - Windows 11.0 (22631.2))
INFO:gurobipy:
INFO:gurobipy:CPU model: 13th Gen Intel(R) Core(TM) i7-13620H, instruction set [SSE2|AVX|AVX2]
INFO:gurobipy:Thread count: 10 physical cores, 16 logical processors, using up to 16 threads
INFO:gurobipy:
INFO:gurobipy:Non-default parameters:
INFO:gurobipy:TimeLimit  300
INFO:gurobipy:
INFO:gurobipy:Optimize a model with 28 rows, 21 columns and 48 nonzeros
INFO:gurobipy:Model fingerprint: 0xa1ae47b3
INFO:gurobipy:Variable types: 0 continuous, 21 integer (21 binary)
INFO:gurobipy:Coefficient statistics:
INFO:gurobipy:  Matrix range     [1e+00, 1e+00]
INFO:gurobipy:  Objective range  [1e+02, 2e+03]
INFO:gurobipy:  Bounds range     [1e+00, 1e+00]
INFO:gurobipy:  RHS range        [1e+00, 1e+00]
INFO:gurobipy:Found heuristic solution: objective 314.8966776
INFO:gurobipy:Presolve removed 28 rows and 21 columns
INFO:gurobipy:Presolve time: 0.00s
INFO:gurobipy:Presolve: All rows and columns removed
INFO:gurobipy:
INFO:gurobipy:Explored 0 nodes (0 simplex iterations) in 0.00 seconds (0.00 work units)
INFO:gurobipy:Thread count was 1 (of 16 available processors)
INFO:gurobipy:
INFO:gurobipy:Solution count 2: 141.201 314.897 
INFO:gurobipy:
INFO:gurobipy:Optimal solution found (tolerance 1.00e-04)
INFO:gurobipy:Best objective 1.412013727815e+02, best bound 1.412013727815e+02, gap 0.0000%
INFO:root:Step 5: 23->21 (move, cost=140.9)
INFO:gurobipy:Set parameter TimeLimit to value 300
INFO:gurobipy:Gurobi Optimizer version 12.0.1 build v12.0.1rc0 (win64 - Windows 11.0 (22631.2))
INFO:gurobipy:
INFO:gurobipy:CPU model: 13th Gen Intel(R) Core(TM) i7-13620H, instruction set [SSE2|AVX|AVX2]
INFO:gurobipy:Thread count: 10 physical cores, 16 logical processors, using up to 16 threads
INFO:gurobipy:
INFO:gurobipy:Non-default parameters:
INFO:gurobipy:TimeLimit  300
INFO:gurobipy:
INFO:gurobipy:Optimize a model with 29 rows, 20 columns and 48 nonzeros
INFO:gurobipy:Model fingerprint: 0x2eb57f6c
INFO:gurobipy:Variable types: 0 continuous, 20 integer (20 binary)
INFO:gurobipy:Coefficient statistics:
INFO:gurobipy:  Matrix range     [1e+00, 1e+00]
INFO:gurobipy:  Objective range  [3e+02, 2e+03]
INFO:gurobipy:  Bounds range     [1e+00, 1e+00]
INFO:gurobipy:  RHS range        [1e+00, 1e+00]
INFO:gurobipy:Found heuristic solution: objective 292.5073108
INFO:gurobipy:Presolve removed 29 rows and 20 columns
INFO:gurobipy:Presolve time: 0.00s
INFO:gurobipy:Presolve: All rows and columns removed
INFO:gurobipy:
INFO:gurobipy:Explored 0 nodes (0 simplex iterations) in 0.00 seconds (0.00 work units)
INFO:gurobipy:Thread count was 1 (of 16 available processors)
INFO:gurobipy:
INFO:gurobipy:Solution count 1: 292.507 
INFO:gurobipy:
INFO:gurobipy:Optimal solution found (tolerance 1.00e-04)
INFO:gurobipy:Best objective 2.925073108327e+02, best bound 2.925073108327e+02, gap 0.0000%
INFO:root:Step 6: 21->0 (recharge, cost=288.7)
INFO:gurobipy:Set parameter TimeLimit to value 300
INFO:gurobipy:Gurobi Optimizer version 12.0.1 build v12.0.1rc0 (win64 - Windows 11.0 (22631.2))
INFO:gurobipy:
INFO:gurobipy:CPU model: 13th Gen Intel(R) Core(TM) i7-13620H, instruction set [SSE2|AVX|AVX2]
INFO:gurobipy:Thread count: 10 physical cores, 16 logical processors, using up to 16 threads
INFO:gurobipy:
INFO:gurobipy:Non-default parameters:
INFO:gurobipy:TimeLimit  300
INFO:gurobipy:
INFO:gurobipy:Optimize a model with 22 rows, 19 columns and 40 nonzeros
INFO:gurobipy:Model fingerprint: 0x717a67fa
INFO:gurobipy:Variable types: 0 continuous, 19 integer (19 binary)
INFO:gurobipy:Coefficient statistics:
INFO:gurobipy:  Matrix range     [1e+00, 1e+00]
INFO:gurobipy:  Objective range  [3e+02, 3e+03]
INFO:gurobipy:  Bounds range     [1e+00, 1e+00]
INFO:gurobipy:  RHS range        [1e+00, 1e+00]
INFO:gurobipy:Found heuristic solution: objective 702.8079632
INFO:gurobipy:Presolve removed 22 rows and 19 columns
INFO:gurobipy:Presolve time: 0.00s
INFO:gurobipy:Presolve: All rows and columns removed
INFO:gurobipy:
INFO:gurobipy:Explored 0 nodes (0 simplex iterations) in 0.00 seconds (0.00 work units)
INFO:gurobipy:Thread count was 1 (of 16 available processors)
INFO:gurobipy:
INFO:gurobipy:Solution count 2: 283.174 702.808 
INFO:gurobipy:
INFO:gurobipy:Optimal solution found (tolerance 1.00e-04)
INFO:gurobipy:Best objective 2.831738184909e+02, best bound 2.831738184909e+02, gap 0.0000%
INFO:root:Step 7: 0->24 (move, cost=282.9)
INFO:gurobipy:Set parameter TimeLimit to value 300
INFO:gurobipy:Gurobi Optimizer version 12.0.1 build v12.0.1rc0 (win64 - Windows 11.0 (22631.2))
INFO:gurobipy:
INFO:gurobipy:CPU model: 13th Gen Intel(R) Core(TM) i7-13620H, instruction set [SSE2|AVX|AVX2]
INFO:gurobipy:Thread count: 10 physical cores, 16 logical processors, using up to 16 threads
INFO:gurobipy:
INFO:gurobipy:Non-default parameters:
INFO:gurobipy:TimeLimit  300
INFO:gurobipy:
INFO:gurobipy:Optimize a model with 17 rows, 19 columns and 35 nonzeros
INFO:gurobipy:Model fingerprint: 0x2bda1122
INFO:gurobipy:Variable types: 0 continuous, 19 integer (19 binary)
INFO:gurobipy:Coefficient statistics:
INFO:gurobipy:  Matrix range     [1e+00, 1e+00]
INFO:gurobipy:  Objective range  [1e+02, 2e+03]
INFO:gurobipy:  Bounds range     [1e+00, 1e+00]
INFO:gurobipy:  RHS range        [1e+00, 1e+00]
INFO:gurobipy:Found heuristic solution: objective 286.6740701
INFO:gurobipy:Presolve removed 17 rows and 19 columns
INFO:gurobipy:Presolve time: 0.00s
INFO:gurobipy:Presolve: All rows and columns removed
INFO:gurobipy:
INFO:gurobipy:Explored 0 nodes (0 simplex iterations) in 0.00 seconds (0.00 work units)
INFO:gurobipy:Thread count was 1 (of 16 available processors)
INFO:gurobipy:
INFO:gurobipy:Solution count 2: 104.882 286.674 
INFO:gurobipy:
INFO:gurobipy:Optimal solution found (tolerance 1.00e-04)
INFO:gurobipy:Best objective 1.048820767393e+02, best bound 1.048820767393e+02, gap 0.0000%
INFO:root:Step 8: 24->13 (move, cost=104.6)
INFO:gurobipy:Set parameter TimeLimit to value 300
INFO:gurobipy:Gurobi Optimizer version 12.0.1 build v12.0.1rc0 (win64 - Windows 11.0 (22631.2))
INFO:gurobipy:
INFO:gurobipy:CPU model: 13th Gen Intel(R) Core(TM) i7-13620H, instruction set [SSE2|AVX|AVX2]
INFO:gurobipy:Thread count: 10 physical cores, 16 logical processors, using up to 16 threads
INFO:gurobipy:
INFO:gurobipy:Non-default parameters:
INFO:gurobipy:TimeLimit  300
INFO:gurobipy:
INFO:gurobipy:Optimize a model with 16 rows, 18 columns and 33 nonzeros
INFO:gurobipy:Model fingerprint: 0xee0db0c1
INFO:gurobipy:Variable types: 0 continuous, 18 integer (18 binary)
INFO:gurobipy:Coefficient statistics:
INFO:gurobipy:  Matrix range     [1e+00, 1e+00]
INFO:gurobipy:  Objective range  [2e+02, 2e+03]
INFO:gurobipy:  Bounds range     [1e+00, 1e+00]
INFO:gurobipy:  RHS range        [1e+00, 1e+00]
INFO:gurobipy:Found heuristic solution: objective 378.5146457
INFO:gurobipy:Presolve removed 16 rows and 18 columns
INFO:gurobipy:Presolve time: 0.00s
INFO:gurobipy:Presolve: All rows and columns removed
INFO:gurobipy:
INFO:gurobipy:Explored 0 nodes (0 simplex iterations) in 0.00 seconds (0.00 work units)
INFO:gurobipy:Thread count was 1 (of 16 available processors)
INFO:gurobipy:
INFO:gurobipy:Solution count 2: 227.314 378.515 
INFO:gurobipy:
INFO:gurobipy:Optimal solution found (tolerance 1.00e-04)
INFO:gurobipy:Best objective 2.273136488345e+02, best bound 2.273136488345e+02, gap 0.0000%
INFO:root:Step 9: 13->5 (move, cost=227.0)
INFO:gurobipy:Set parameter TimeLimit to value 300
INFO:gurobipy:Gurobi Optimizer version 12.0.1 build v12.0.1rc0 (win64 - Windows 11.0 (22631.2))
INFO:gurobipy:
INFO:gurobipy:CPU model: 13th Gen Intel(R) Core(TM) i7-13620H, instruction set [SSE2|AVX|AVX2]
INFO:gurobipy:Thread count: 10 physical cores, 16 logical processors, using up to 16 threads
INFO:gurobipy:
INFO:gurobipy:Non-default parameters:
INFO:gurobipy:TimeLimit  300
INFO:gurobipy:
INFO:gurobipy:Optimize a model with 21 rows, 17 columns and 37 nonzeros
INFO:gurobipy:Model fingerprint: 0xd56874e6
INFO:gurobipy:Variable types: 0 continuous, 17 integer (17 binary)
INFO:gurobipy:Coefficient statistics:
INFO:gurobipy:  Matrix range     [1e+00, 1e+00]
INFO:gurobipy:  Objective range  [3e+02, 2e+03]
INFO:gurobipy:  Bounds range     [1e+00, 1e+00]
INFO:gurobipy:  RHS range        [1e+00, 1e+00]
INFO:gurobipy:Found heuristic solution: objective 348.1508851
INFO:gurobipy:Presolve removed 21 rows and 17 columns
INFO:gurobipy:Presolve time: 0.00s
INFO:gurobipy:Presolve: All rows and columns removed
INFO:gurobipy:
INFO:gurobipy:Explored 0 nodes (0 simplex iterations) in 0.00 seconds (0.00 work units)
INFO:gurobipy:Thread count was 1 (of 16 available processors)
INFO:gurobipy:
INFO:gurobipy:Solution count 2: 270.173 348.151 
INFO:gurobipy:
INFO:gurobipy:Optimal solution found (tolerance 1.00e-04)
INFO:gurobipy:Best objective 2.701730068251e+02, best bound 2.701730068251e+02, gap 0.0000%
INFO:root:Step 10: 5->12 (move, cost=269.9)
INFO:gurobipy:Set parameter TimeLimit to value 300
INFO:gurobipy:Gurobi Optimizer version 12.0.1 build v12.0.1rc0 (win64 - Windows 11.0 (22631.2))
INFO:gurobipy:
INFO:gurobipy:CPU model: 13th Gen Intel(R) Core(TM) i7-13620H, instruction set [SSE2|AVX|AVX2]
INFO:gurobipy:Thread count: 10 physical cores, 16 logical processors, using up to 16 threads
INFO:gurobipy:
INFO:gurobipy:Non-default parameters:
INFO:gurobipy:TimeLimit  300
INFO:gurobipy:
INFO:gurobipy:Optimize a model with 21 rows, 16 columns and 36 nonzeros
INFO:gurobipy:Model fingerprint: 0xd496e563
INFO:gurobipy:Variable types: 0 continuous, 16 integer (16 binary)
INFO:gurobipy:Coefficient statistics:
INFO:gurobipy:  Matrix range     [1e+00, 1e+00]
INFO:gurobipy:  Objective range  [2e+02, 1e+03]
INFO:gurobipy:  Bounds range     [1e+00, 1e+00]
INFO:gurobipy:  RHS range        [1e+00, 1e+00]
INFO:gurobipy:Found heuristic solution: objective 553.1950500
INFO:gurobipy:Presolve removed 21 rows and 16 columns
INFO:gurobipy:Presolve time: 0.00s
INFO:gurobipy:Presolve: All rows and columns removed
INFO:gurobipy:
INFO:gurobipy:Explored 0 nodes (0 simplex iterations) in 0.01 seconds (0.00 work units)
INFO:gurobipy:Thread count was 1 (of 16 available processors)
INFO:gurobipy:
INFO:gurobipy:Solution count 2: 220.662 553.195 
INFO:gurobipy:
INFO:gurobipy:Optimal solution found (tolerance 1.00e-04)
INFO:gurobipy:Best objective 2.206616515936e+02, best bound 2.206616515936e+02, gap 0.0000%
INFO:root:Step 11: 12->19 (move, cost=220.3)
INFO:gurobipy:Set parameter TimeLimit to value 300
INFO:gurobipy:Gurobi Optimizer version 12.0.1 build v12.0.1rc0 (win64 - Windows 11.0 (22631.2))
INFO:gurobipy:
INFO:gurobipy:CPU model: 13th Gen Intel(R) Core(TM) i7-13620H, instruction set [SSE2|AVX|AVX2]
INFO:gurobipy:Thread count: 10 physical cores, 16 logical processors, using up to 16 threads
INFO:gurobipy:
INFO:gurobipy:Non-default parameters:
INFO:gurobipy:TimeLimit  300
INFO:gurobipy:
INFO:gurobipy:Optimize a model with 22 rows, 15 columns and 36 nonzeros
INFO:gurobipy:Model fingerprint: 0xcb35588f
INFO:gurobipy:Variable types: 0 continuous, 15 integer (15 binary)
INFO:gurobipy:Coefficient statistics:
INFO:gurobipy:  Matrix range     [1e+00, 1e+00]
INFO:gurobipy:  Objective range  [1e+02, 2e+03]
INFO:gurobipy:  Bounds range     [1e+00, 1e+00]
INFO:gurobipy:  RHS range        [1e+00, 1e+00]
INFO:gurobipy:Found heuristic solution: objective 129.5527884
INFO:gurobipy:Presolve removed 22 rows and 15 columns
INFO:gurobipy:Presolve time: 0.00s
INFO:gurobipy:Presolve: All rows and columns removed
INFO:gurobipy:
INFO:gurobipy:Explored 0 nodes (0 simplex iterations) in 0.00 seconds (0.00 work units)
INFO:gurobipy:Thread count was 1 (of 16 available processors)
INFO:gurobipy:
INFO:gurobipy:Solution count 1: 129.553 
INFO:gurobipy:
INFO:gurobipy:Optimal solution found (tolerance 1.00e-04)
INFO:gurobipy:Best objective 1.295527883870e+02, best bound 1.295527883870e+02, gap 0.0000%
INFO:root:Step 12: 19->4 (recharge, cost=125.7)
INFO:gurobipy:Set parameter TimeLimit to value 300
INFO:gurobipy:Gurobi Optimizer version 12.0.1 build v12.0.1rc0 (win64 - Windows 11.0 (22631.2))
INFO:gurobipy:
INFO:gurobipy:CPU model: 13th Gen Intel(R) Core(TM) i7-13620H, instruction set [SSE2|AVX|AVX2]
INFO:gurobipy:Thread count: 10 physical cores, 16 logical processors, using up to 16 threads
INFO:gurobipy:
INFO:gurobipy:Non-default parameters:
INFO:gurobipy:TimeLimit  300
INFO:gurobipy:
INFO:gurobipy:Optimize a model with 18 rows, 14 columns and 31 nonzeros
INFO:gurobipy:Model fingerprint: 0xc8b8acd5
INFO:gurobipy:Variable types: 0 continuous, 14 integer (14 binary)
INFO:gurobipy:Coefficient statistics:
INFO:gurobipy:  Matrix range     [1e+00, 1e+00]
INFO:gurobipy:  Objective range  [7e+01, 2e+03]
INFO:gurobipy:  Bounds range     [1e+00, 1e+00]
INFO:gurobipy:  RHS range        [1e+00, 1e+00]
INFO:gurobipy:Found heuristic solution: objective 691.3394708
INFO:gurobipy:Presolve removed 18 rows and 14 columns
INFO:gurobipy:Presolve time: 0.00s
INFO:gurobipy:Presolve: All rows and columns removed
INFO:gurobipy:
INFO:gurobipy:Explored 0 nodes (0 simplex iterations) in 0.01 seconds (0.00 work units)
INFO:gurobipy:Thread count was 1 (of 16 available processors)
INFO:gurobipy:
INFO:gurobipy:Solution count 2: 66.778 691.339 
INFO:gurobipy:
INFO:gurobipy:Optimal solution found (tolerance 1.00e-04)
INFO:gurobipy:Best objective 6.677804634370e+01, best bound 6.677804634370e+01, gap 0.0000%
INFO:root:Step 13: 4->20 (move, cost=66.5)
INFO:gurobipy:Set parameter TimeLimit to value 300
INFO:gurobipy:Gurobi Optimizer version 12.0.1 build v12.0.1rc0 (win64 - Windows 11.0 (22631.2))
INFO:gurobipy:
INFO:gurobipy:CPU model: 13th Gen Intel(R) Core(TM) i7-13620H, instruction set [SSE2|AVX|AVX2]
INFO:gurobipy:Thread count: 10 physical cores, 16 logical processors, using up to 16 threads
INFO:gurobipy:
INFO:gurobipy:Non-default parameters:
INFO:gurobipy:TimeLimit  300
INFO:gurobipy:
INFO:gurobipy:Optimize a model with 14 rows, 14 columns and 27 nonzeros
INFO:gurobipy:Model fingerprint: 0x3c39fad8
INFO:gurobipy:Variable types: 0 continuous, 14 integer (14 binary)
INFO:gurobipy:Coefficient statistics:
INFO:gurobipy:  Matrix range     [1e+00, 1e+00]
INFO:gurobipy:  Objective range  [7e+01, 2e+03]
INFO:gurobipy:  Bounds range     [1e+00, 1e+00]
INFO:gurobipy:  RHS range        [1e+00, 1e+00]
INFO:gurobipy:Found heuristic solution: objective 828.5225244
INFO:gurobipy:Presolve removed 14 rows and 14 columns
INFO:gurobipy:Presolve time: 0.00s
INFO:gurobipy:Presolve: All rows and columns removed
INFO:gurobipy:
INFO:gurobipy:Explored 0 nodes (0 simplex iterations) in 0.01 seconds (0.00 work units)
INFO:gurobipy:Thread count was 1 (of 16 available processors)
INFO:gurobipy:
INFO:gurobipy:Solution count 2: 70.2706 828.523 
INFO:gurobipy:
INFO:gurobipy:Optimal solution found (tolerance 1.00e-04)
INFO:gurobipy:Best objective 7.027060944237e+01, best bound 7.027060944237e+01, gap 0.0000%
INFO:root:Step 14: 20->4 (recharge, cost=66.5)
INFO:gurobipy:Set parameter TimeLimit to value 300
INFO:gurobipy:Gurobi Optimizer version 12.0.1 build v12.0.1rc0 (win64 - Windows 11.0 (22631.2))
INFO:gurobipy:
INFO:gurobipy:CPU model: 13th Gen Intel(R) Core(TM) i7-13620H, instruction set [SSE2|AVX|AVX2]
INFO:gurobipy:Thread count: 10 physical cores, 16 logical processors, using up to 16 threads
INFO:gurobipy:
INFO:gurobipy:Non-default parameters:
INFO:gurobipy:TimeLimit  300
INFO:gurobipy:
INFO:gurobipy:Optimize a model with 15 rows, 13 columns and 27 nonzeros
INFO:gurobipy:Model fingerprint: 0x82180712
INFO:gurobipy:Variable types: 0 continuous, 13 integer (13 binary)
INFO:gurobipy:Coefficient statistics:
INFO:gurobipy:  Matrix range     [1e+00, 1e+00]
INFO:gurobipy:  Objective range  [2e+02, 2e+03]
INFO:gurobipy:  Bounds range     [1e+00, 1e+00]
INFO:gurobipy:  RHS range        [1e+00, 1e+00]
INFO:gurobipy:Found heuristic solution: objective 691.3394708
INFO:gurobipy:Presolve removed 15 rows and 13 columns
INFO:gurobipy:Presolve time: 0.00s
INFO:gurobipy:Presolve: All rows and columns removed
INFO:gurobipy:
INFO:gurobipy:Explored 0 nodes (0 simplex iterations) in 0.01 seconds (0.00 work units)
INFO:gurobipy:Thread count was 1 (of 16 available processors)
INFO:gurobipy:
INFO:gurobipy:Solution count 2: 232.407 691.339 
INFO:gurobipy:
INFO:gurobipy:Optimal solution found (tolerance 1.00e-04)
INFO:gurobipy:Best objective 2.324072356329e+02, best bound 2.324072356329e+02, gap 0.0000%
INFO:root:Step 15: 4->14 (move, cost=232.1)
INFO:gurobipy:Set parameter TimeLimit to value 300
INFO:gurobipy:Gurobi Optimizer version 12.0.1 build v12.0.1rc0 (win64 - Windows 11.0 (22631.2))
INFO:gurobipy:
INFO:gurobipy:CPU model: 13th Gen Intel(R) Core(TM) i7-13620H, instruction set [SSE2|AVX|AVX2]
INFO:gurobipy:Thread count: 10 physical cores, 16 logical processors, using up to 16 threads
INFO:gurobipy:
INFO:gurobipy:Non-default parameters:
INFO:gurobipy:TimeLimit  300
INFO:gurobipy:
INFO:gurobipy:Optimize a model with 15 rows, 13 columns and 27 nonzeros
INFO:gurobipy:Model fingerprint: 0x2d16d47b
INFO:gurobipy:Variable types: 0 continuous, 13 integer (13 binary)
INFO:gurobipy:Coefficient statistics:
INFO:gurobipy:  Matrix range     [1e+00, 1e+00]
INFO:gurobipy:  Objective range  [2e+02, 2e+03]
INFO:gurobipy:  Bounds range     [1e+00, 1e+00]
INFO:gurobipy:  RHS range        [1e+00, 1e+00]
INFO:gurobipy:Found heuristic solution: objective 1007.7544502
INFO:gurobipy:Presolve removed 15 rows and 13 columns
INFO:gurobipy:Presolve time: 0.00s
INFO:gurobipy:Presolve: All rows and columns removed
INFO:gurobipy:
INFO:gurobipy:Explored 0 nodes (0 simplex iterations) in 0.01 seconds (0.00 work units)
INFO:gurobipy:Thread count was 1 (of 16 available processors)
INFO:gurobipy:
INFO:gurobipy:Solution count 2: 188.122 1007.75 
INFO:gurobipy:
INFO:gurobipy:Optimal solution found (tolerance 1.00e-04)
INFO:gurobipy:Best objective 1.881220326014e+02, best bound 1.881220326014e+02, gap 0.0000%
INFO:root:Step 16: 14->8 (move, cost=187.8)
INFO:gurobipy:Set parameter TimeLimit to value 300
INFO:gurobipy:Gurobi Optimizer version 12.0.1 build v12.0.1rc0 (win64 - Windows 11.0 (22631.2))
INFO:gurobipy:
INFO:gurobipy:CPU model: 13th Gen Intel(R) Core(TM) i7-13620H, instruction set [SSE2|AVX|AVX2]
INFO:gurobipy:Thread count: 10 physical cores, 16 logical processors, using up to 16 threads
INFO:gurobipy:
INFO:gurobipy:Non-default parameters:
INFO:gurobipy:TimeLimit  300
INFO:gurobipy:
INFO:gurobipy:Optimize a model with 15 rows, 12 columns and 26 nonzeros
INFO:gurobipy:Model fingerprint: 0x2491a216
INFO:gurobipy:Variable types: 0 continuous, 12 integer (12 binary)
INFO:gurobipy:Coefficient statistics:
INFO:gurobipy:  Matrix range     [1e+00, 1e+00]
INFO:gurobipy:  Objective range  [2e+02, 2e+03]
INFO:gurobipy:  Bounds range     [1e+00, 1e+00]
INFO:gurobipy:  RHS range        [1e+00, 1e+00]
INFO:gurobipy:Found heuristic solution: objective 1057.0310063
INFO:gurobipy:Presolve removed 15 rows and 12 columns
INFO:gurobipy:Presolve time: 0.00s
INFO:gurobipy:Presolve: All rows and columns removed
INFO:gurobipy:
INFO:gurobipy:Explored 0 nodes (0 simplex iterations) in 0.01 seconds (0.00 work units)
INFO:gurobipy:Thread count was 1 (of 16 available processors)
INFO:gurobipy:
INFO:gurobipy:Solution count 2: 236.42 1057.03 
INFO:gurobipy:
INFO:gurobipy:Optimal solution found (tolerance 1.00e-04)
INFO:gurobipy:Best objective 2.364204581685e+02, best bound 2.364204581685e+02, gap 0.0000%
INFO:root:Step 17: 8->4 (recharge, cost=232.6)
INFO:gurobipy:Set parameter TimeLimit to value 300
INFO:gurobipy:Gurobi Optimizer version 12.0.1 build v12.0.1rc0 (win64 - Windows 11.0 (22631.2))
INFO:gurobipy:
INFO:gurobipy:CPU model: 13th Gen Intel(R) Core(TM) i7-13620H, instruction set [SSE2|AVX|AVX2]
INFO:gurobipy:Thread count: 10 physical cores, 16 logical processors, using up to 16 threads
INFO:gurobipy:
INFO:gurobipy:Non-default parameters:
INFO:gurobipy:TimeLimit  300
INFO:gurobipy:
INFO:gurobipy:Optimize a model with 16 rows, 11 columns and 26 nonzeros
INFO:gurobipy:Model fingerprint: 0xd6520c69
INFO:gurobipy:Variable types: 0 continuous, 11 integer (11 binary)
INFO:gurobipy:Coefficient statistics:
INFO:gurobipy:  Matrix range     [1e+00, 1e+00]
INFO:gurobipy:  Objective range  [5e+02, 2e+03]
INFO:gurobipy:  Bounds range     [1e+00, 1e+00]
INFO:gurobipy:  RHS range        [1e+00, 1e+00]
INFO:gurobipy:Found heuristic solution: objective 1162.0143699
INFO:gurobipy:Presolve removed 16 rows and 11 columns
INFO:gurobipy:Presolve time: 0.00s
INFO:gurobipy:Presolve: All rows and columns removed
INFO:gurobipy:
INFO:gurobipy:Explored 0 nodes (0 simplex iterations) in 0.01 seconds (0.00 work units)
INFO:gurobipy:Thread count was 1 (of 16 available processors)
INFO:gurobipy:
INFO:gurobipy:Solution count 2: 533.6 1162.01 
INFO:gurobipy:
INFO:gurobipy:Optimal solution found (tolerance 1.00e-04)
INFO:gurobipy:Best objective 5.335995778543e+02, best bound 5.335995778543e+02, gap 0.0000%
INFO:root:Step 18: 4->17 (move, cost=533.3)
INFO:gurobipy:Set parameter TimeLimit to value 300
INFO:gurobipy:Gurobi Optimizer version 12.0.1 build v12.0.1rc0 (win64 - Windows 11.0 (22631.2))
INFO:gurobipy:
INFO:gurobipy:CPU model: 13th Gen Intel(R) Core(TM) i7-13620H, instruction set [SSE2|AVX|AVX2]
INFO:gurobipy:Thread count: 10 physical cores, 16 logical processors, using up to 16 threads
INFO:gurobipy:
INFO:gurobipy:Non-default parameters:
INFO:gurobipy:TimeLimit  300
INFO:gurobipy:
INFO:gurobipy:Optimize a model with 16 rows, 11 columns and 26 nonzeros
INFO:gurobipy:Model fingerprint: 0x055ba176
INFO:gurobipy:Variable types: 0 continuous, 11 integer (11 binary)
INFO:gurobipy:Coefficient statistics:
INFO:gurobipy:  Matrix range     [1e+00, 1e+00]
INFO:gurobipy:  Objective range  [5e+02, 2e+03]
INFO:gurobipy:  Bounds range     [1e+00, 1e+00]
INFO:gurobipy:  RHS range        [1e+00, 1e+00]
INFO:gurobipy:Found heuristic solution: objective 473.1805267
INFO:gurobipy:Presolve removed 16 rows and 11 columns
INFO:gurobipy:Presolve time: 0.00s
INFO:gurobipy:Presolve: All rows and columns removed
INFO:gurobipy:
INFO:gurobipy:Explored 0 nodes (0 simplex iterations) in 0.01 seconds (0.00 work units)
INFO:gurobipy:Thread count was 1 (of 16 available processors)
INFO:gurobipy:
INFO:gurobipy:Solution count 1: 473.181 
INFO:gurobipy:
INFO:gurobipy:Optimal solution found (tolerance 1.00e-04)
INFO:gurobipy:Best objective 4.731805267017e+02, best bound 4.731805267017e+02, gap 0.0000%
INFO:root:Step 19: 17->0 (recharge, cost=469.4)
INFO:gurobipy:Set parameter TimeLimit to value 300
INFO:gurobipy:Gurobi Optimizer version 12.0.1 build v12.0.1rc0 (win64 - Windows 11.0 (22631.2))
INFO:gurobipy:
INFO:gurobipy:CPU model: 13th Gen Intel(R) Core(TM) i7-13620H, instruction set [SSE2|AVX|AVX2]
INFO:gurobipy:Thread count: 10 physical cores, 16 logical processors, using up to 16 threads
INFO:gurobipy:
INFO:gurobipy:Non-default parameters:
INFO:gurobipy:TimeLimit  300
INFO:gurobipy:
INFO:gurobipy:Optimize a model with 14 rows, 10 columns and 23 nonzeros
INFO:gurobipy:Model fingerprint: 0x89aca813
INFO:gurobipy:Variable types: 0 continuous, 10 integer (10 binary)
INFO:gurobipy:Coefficient statistics:
INFO:gurobipy:  Matrix range     [1e+00, 1e+00]
INFO:gurobipy:  Objective range  [8e+02, 3e+03]
INFO:gurobipy:  Bounds range     [1e+00, 1e+00]
INFO:gurobipy:  RHS range        [1e+00, 1e+00]
INFO:gurobipy:Found heuristic solution: objective 837.4806830
INFO:gurobipy:Presolve removed 14 rows and 10 columns
INFO:gurobipy:Presolve time: 0.00s
INFO:gurobipy:Presolve: All rows and columns removed
INFO:gurobipy:
INFO:gurobipy:Explored 0 nodes (0 simplex iterations) in 0.01 seconds (0.00 work units)
INFO:gurobipy:Thread count was 1 (of 16 available processors)
INFO:gurobipy:
INFO:gurobipy:Solution count 1: 837.481 
INFO:gurobipy:
INFO:gurobipy:Optimal solution found (tolerance 1.00e-04)
INFO:gurobipy:Best objective 8.374806829713e+02, best bound 8.374806829713e+02, gap 0.0000%
INFO:root:Step 20: 0->18 (move, cost=837.2)
INFO:gurobipy:Set parameter TimeLimit to value 300
INFO:gurobipy:Gurobi Optimizer version 12.0.1 build v12.0.1rc0 (win64 - Windows 11.0 (22631.2))
INFO:gurobipy:
INFO:gurobipy:CPU model: 13th Gen Intel(R) Core(TM) i7-13620H, instruction set [SSE2|AVX|AVX2]
INFO:gurobipy:Thread count: 10 physical cores, 16 logical processors, using up to 16 threads
INFO:gurobipy:
INFO:gurobipy:Non-default parameters:
INFO:gurobipy:TimeLimit  300
INFO:gurobipy:
INFO:gurobipy:Optimize a model with 13 rows, 10 columns and 22 nonzeros
INFO:gurobipy:Model fingerprint: 0x4055a550
INFO:gurobipy:Variable types: 0 continuous, 10 integer (10 binary)
INFO:gurobipy:Coefficient statistics:
INFO:gurobipy:  Matrix range     [1e+00, 1e+00]
INFO:gurobipy:  Objective range  [4e+02, 1e+03]
INFO:gurobipy:  Bounds range     [1e+00, 1e+00]
INFO:gurobipy:  RHS range        [1e+00, 1e+00]
INFO:gurobipy:Presolve removed 13 rows and 10 columns
INFO:gurobipy:Presolve time: 0.00s
INFO:gurobipy:Presolve: All rows and columns removed
INFO:gurobipy:
INFO:gurobipy:Explored 0 nodes (0 simplex iterations) in 0.01 seconds (0.00 work units)
INFO:gurobipy:Thread count was 1 (of 16 available processors)
INFO:gurobipy:
INFO:gurobipy:Solution count 1: 375.602 
INFO:gurobipy:
INFO:gurobipy:Optimal solution found (tolerance 1.00e-04)
INFO:gurobipy:Best objective 3.756017809954e+02, best bound 3.756017809954e+02, gap 0.0000%
INFO:root:Step 21: 18->2 (recharge, cost=371.8)
INFO:gurobipy:Set parameter TimeLimit to value 300
INFO:gurobipy:Gurobi Optimizer version 12.0.1 build v12.0.1rc0 (win64 - Windows 11.0 (22631.2))
INFO:gurobipy:
INFO:gurobipy:CPU model: 13th Gen Intel(R) Core(TM) i7-13620H, instruction set [SSE2|AVX|AVX2]
INFO:gurobipy:Thread count: 10 physical cores, 16 logical processors, using up to 16 threads
INFO:gurobipy:
INFO:gurobipy:Non-default parameters:
INFO:gurobipy:TimeLimit  300
INFO:gurobipy:
INFO:gurobipy:Optimize a model with 11 rows, 9 columns and 19 nonzeros
INFO:gurobipy:Model fingerprint: 0x293aedcb
INFO:gurobipy:Variable types: 0 continuous, 9 integer (9 binary)
INFO:gurobipy:Coefficient statistics:
INFO:gurobipy:  Matrix range     [1e+00, 1e+00]
INFO:gurobipy:  Objective range  [1e+02, 2e+03]
INFO:gurobipy:  Bounds range     [1e+00, 1e+00]
INFO:gurobipy:  RHS range        [1e+00, 1e+00]
INFO:gurobipy:Found heuristic solution: objective 1129.5937272
INFO:gurobipy:Presolve removed 11 rows and 9 columns
INFO:gurobipy:Presolve time: 0.00s
INFO:gurobipy:Presolve: All rows and columns removed
INFO:gurobipy:
INFO:gurobipy:Explored 0 nodes (0 simplex iterations) in 0.01 seconds (0.00 work units)
INFO:gurobipy:Thread count was 1 (of 16 available processors)
INFO:gurobipy:
INFO:gurobipy:Solution count 2: 135.925 1129.59 
INFO:gurobipy:
INFO:gurobipy:Optimal solution found (tolerance 1.00e-04)
INFO:gurobipy:Best objective 1.359246830687e+02, best bound 1.359246830687e+02, gap 0.0000%
INFO:root:Step 22: 2->6 (move, cost=135.6)
INFO:gurobipy:Set parameter TimeLimit to value 300
INFO:gurobipy:Gurobi Optimizer version 12.0.1 build v12.0.1rc0 (win64 - Windows 11.0 (22631.2))
INFO:gurobipy:
INFO:gurobipy:CPU model: 13th Gen Intel(R) Core(TM) i7-13620H, instruction set [SSE2|AVX|AVX2]
INFO:gurobipy:Thread count: 10 physical cores, 16 logical processors, using up to 16 threads
INFO:gurobipy:
INFO:gurobipy:Non-default parameters:
INFO:gurobipy:TimeLimit  300
INFO:gurobipy:
INFO:gurobipy:Optimize a model with 8 rows, 9 columns and 16 nonzeros
INFO:gurobipy:Model fingerprint: 0x2434a153
INFO:gurobipy:Variable types: 0 continuous, 9 integer (9 binary)
INFO:gurobipy:Coefficient statistics:
INFO:gurobipy:  Matrix range     [1e+00, 1e+00]
INFO:gurobipy:  Objective range  [1e+02, 2e+03]
INFO:gurobipy:  Bounds range     [1e+00, 1e+00]
INFO:gurobipy:  RHS range        [1e+00, 1e+00]
INFO:gurobipy:Found heuristic solution: objective 1262.2824935
INFO:gurobipy:Presolve removed 8 rows and 9 columns
INFO:gurobipy:Presolve time: 0.00s
INFO:gurobipy:Presolve: All rows and columns removed
INFO:gurobipy:
INFO:gurobipy:Explored 0 nodes (0 simplex iterations) in 0.01 seconds (0.00 work units)
INFO:gurobipy:Thread count was 1 (of 16 available processors)
INFO:gurobipy:
INFO:gurobipy:Solution count 2: 116.934 1262.28 
INFO:gurobipy:
INFO:gurobipy:Optimal solution found (tolerance 1.00e-04)
INFO:gurobipy:Best objective 1.169343782863e+02, best bound 1.169343782863e+02, gap 0.0000%
INFO:root:Step 23: 6->9 (move, cost=116.6)
INFO:gurobipy:Set parameter TimeLimit to value 300
INFO:gurobipy:Gurobi Optimizer version 12.0.1 build v12.0.1rc0 (win64 - Windows 11.0 (22631.2))
INFO:gurobipy:
INFO:gurobipy:CPU model: 13th Gen Intel(R) Core(TM) i7-13620H, instruction set [SSE2|AVX|AVX2]
INFO:gurobipy:Thread count: 10 physical cores, 16 logical processors, using up to 16 threads
INFO:gurobipy:
INFO:gurobipy:Non-default parameters:
INFO:gurobipy:TimeLimit  300
INFO:gurobipy:
INFO:gurobipy:Optimize a model with 10 rows, 8 columns and 17 nonzeros
INFO:gurobipy:Model fingerprint: 0x35fa8587
INFO:gurobipy:Variable types: 0 continuous, 8 integer (8 binary)
INFO:gurobipy:Coefficient statistics:
INFO:gurobipy:  Matrix range     [1e+00, 1e+00]
INFO:gurobipy:  Objective range  [3e+02, 2e+03]
INFO:gurobipy:  Bounds range     [1e+00, 1e+00]
INFO:gurobipy:  RHS range        [1e+00, 1e+00]
INFO:gurobipy:Presolve removed 10 rows and 8 columns
INFO:gurobipy:Presolve time: 0.00s
INFO:gurobipy:Presolve: All rows and columns removed
INFO:gurobipy:
INFO:gurobipy:Explored 0 nodes (0 simplex iterations) in 0.00 seconds (0.00 work units)
INFO:gurobipy:Thread count was 1 (of 16 available processors)
INFO:gurobipy:
INFO:gurobipy:Solution count 1: 253.115 
INFO:gurobipy:
INFO:gurobipy:Optimal solution found (tolerance 1.00e-04)
INFO:gurobipy:Best objective 2.531147028436e+02, best bound 2.531147028436e+02, gap 0.0000%
INFO:root:Step 24: 9->2 (recharge, cost=249.3)
INFO:gurobipy:Set parameter TimeLimit to value 300
INFO:gurobipy:Gurobi Optimizer version 12.0.1 build v12.0.1rc0 (win64 - Windows 11.0 (22631.2))
INFO:gurobipy:
INFO:gurobipy:CPU model: 13th Gen Intel(R) Core(TM) i7-13620H, instruction set [SSE2|AVX|AVX2]
INFO:gurobipy:Thread count: 10 physical cores, 16 logical processors, using up to 16 threads
INFO:gurobipy:
INFO:gurobipy:Non-default parameters:
INFO:gurobipy:TimeLimit  300
INFO:gurobipy:
INFO:gurobipy:Optimize a model with 8 rows, 7 columns and 14 nonzeros
INFO:gurobipy:Model fingerprint: 0x3dbea238
INFO:gurobipy:Variable types: 0 continuous, 7 integer (7 binary)
INFO:gurobipy:Coefficient statistics:
INFO:gurobipy:  Matrix range     [1e+00, 1e+00]
INFO:gurobipy:  Objective range  [2e+02, 2e+03]
INFO:gurobipy:  Bounds range     [1e+00, 1e+00]
INFO:gurobipy:  RHS range        [1e+00, 1e+00]
INFO:gurobipy:Found heuristic solution: objective 1129.5937272
INFO:gurobipy:Presolve removed 8 rows and 7 columns
INFO:gurobipy:Presolve time: 0.00s
INFO:gurobipy:Presolve: All rows and columns removed
INFO:gurobipy:
INFO:gurobipy:Explored 0 nodes (0 simplex iterations) in 0.01 seconds (0.00 work units)
INFO:gurobipy:Thread count was 1 (of 16 available processors)
INFO:gurobipy:
INFO:gurobipy:Solution count 2: 234.901 1129.59 
INFO:gurobipy:
INFO:gurobipy:Optimal solution found (tolerance 1.00e-04)
INFO:gurobipy:Best objective 2.349010867397e+02, best bound 2.349010867397e+02, gap 0.0000%
INFO:root:Step 25: 2->7 (move, cost=234.6)
INFO:gurobipy:Set parameter TimeLimit to value 300
INFO:gurobipy:Gurobi Optimizer version 12.0.1 build v12.0.1rc0 (win64 - Windows 11.0 (22631.2))
INFO:gurobipy:
INFO:gurobipy:CPU model: 13th Gen Intel(R) Core(TM) i7-13620H, instruction set [SSE2|AVX|AVX2]
INFO:gurobipy:Thread count: 10 physical cores, 16 logical processors, using up to 16 threads
INFO:gurobipy:
INFO:gurobipy:Non-default parameters:
INFO:gurobipy:TimeLimit  300
INFO:gurobipy:
INFO:gurobipy:Optimize a model with 6 rows, 7 columns and 12 nonzeros
INFO:gurobipy:Model fingerprint: 0xdc3d5c2f
INFO:gurobipy:Variable types: 0 continuous, 7 integer (7 binary)
INFO:gurobipy:Coefficient statistics:
INFO:gurobipy:  Matrix range     [1e+00, 1e+00]
INFO:gurobipy:  Objective range  [2e+02, 2e+03]
INFO:gurobipy:  Bounds range     [1e+00, 1e+00]
INFO:gurobipy:  RHS range        [1e+00, 1e+00]
INFO:gurobipy:Found heuristic solution: objective 1079.7831362
INFO:gurobipy:Presolve removed 6 rows and 7 columns
INFO:gurobipy:Presolve time: 0.00s
INFO:gurobipy:Presolve: All rows and columns removed
INFO:gurobipy:
INFO:gurobipy:Explored 0 nodes (0 simplex iterations) in 0.00 seconds (0.00 work units)
INFO:gurobipy:Thread count was 1 (of 16 available processors)
INFO:gurobipy:
INFO:gurobipy:Solution count 2: 238.392 1079.78 
INFO:gurobipy:
INFO:gurobipy:Optimal solution found (tolerance 1.00e-04)
INFO:gurobipy:Best objective 2.383923255424e+02, best bound 2.383923255424e+02, gap 0.0000%
INFO:root:Step 26: 7->2 (recharge, cost=234.6)
INFO:gurobipy:Set parameter TimeLimit to value 300
INFO:gurobipy:Gurobi Optimizer version 12.0.1 build v12.0.1rc0 (win64 - Windows 11.0 (22631.2))
INFO:gurobipy:
INFO:gurobipy:CPU model: 13th Gen Intel(R) Core(TM) i7-13620H, instruction set [SSE2|AVX|AVX2]
INFO:gurobipy:Thread count: 10 physical cores, 16 logical processors, using up to 16 threads
INFO:gurobipy:
INFO:gurobipy:Non-default parameters:
INFO:gurobipy:TimeLimit  300
INFO:gurobipy:
INFO:gurobipy:Optimize a model with 7 rows, 6 columns and 12 nonzeros
INFO:gurobipy:Model fingerprint: 0x12f08dd3
INFO:gurobipy:Variable types: 0 continuous, 6 integer (6 binary)
INFO:gurobipy:Coefficient statistics:
INFO:gurobipy:  Matrix range     [1e+00, 1e+00]
INFO:gurobipy:  Objective range  [1e+03, 2e+03]
INFO:gurobipy:  Bounds range     [1e+00, 1e+00]
INFO:gurobipy:  RHS range        [1e+00, 1e+00]
INFO:gurobipy:Found heuristic solution: objective 1129.5937272
INFO:gurobipy:Presolve removed 7 rows and 6 columns
INFO:gurobipy:Presolve time: 0.00s
INFO:gurobipy:Presolve: All rows and columns removed
INFO:gurobipy:
INFO:gurobipy:Explored 0 nodes (0 simplex iterations) in 0.01 seconds (0.00 work units)
INFO:gurobipy:Thread count was 1 (of 16 available processors)
INFO:gurobipy:
INFO:gurobipy:Solution count 1: 1129.59 
INFO:gurobipy:
INFO:gurobipy:Optimal solution found (tolerance 1.00e-04)
INFO:gurobipy:Best objective 1.129593727162e+03, best bound 1.129593727162e+03, gap 0.0000%
INFO:root:Step 27: 2->11 (move, cost=1129.3)
INFO:gurobipy:Set parameter TimeLimit to value 300
INFO:gurobipy:Gurobi Optimizer version 12.0.1 build v12.0.1rc0 (win64 - Windows 11.0 (22631.2))
INFO:gurobipy:
INFO:gurobipy:CPU model: 13th Gen Intel(R) Core(TM) i7-13620H, instruction set [SSE2|AVX|AVX2]
INFO:gurobipy:Thread count: 10 physical cores, 16 logical processors, using up to 16 threads
INFO:gurobipy:
INFO:gurobipy:Non-default parameters:
INFO:gurobipy:TimeLimit  300
INFO:gurobipy:
INFO:gurobipy:Optimize a model with 7 rows, 6 columns and 12 nonzeros
INFO:gurobipy:Model fingerprint: 0x45376c47
INFO:gurobipy:Variable types: 0 continuous, 6 integer (6 binary)
INFO:gurobipy:Coefficient statistics:
INFO:gurobipy:  Matrix range     [1e+00, 1e+00]
INFO:gurobipy:  Objective range  [4e+00, 3e+03]
INFO:gurobipy:  Bounds range     [1e+00, 1e+00]
INFO:gurobipy:  RHS range        [1e+00, 1e+00]
INFO:gurobipy:Presolve removed 7 rows and 6 columns
INFO:gurobipy:Presolve time: 0.00s
INFO:gurobipy:Presolve: All rows and columns removed
INFO:gurobipy:
INFO:gurobipy:Explored 0 nodes (0 simplex iterations) in 0.00 seconds (0.00 work units)
INFO:gurobipy:Thread count was 1 (of 16 available processors)
INFO:gurobipy:
INFO:gurobipy:Solution count 1: 3.81763 
INFO:gurobipy:
INFO:gurobipy:Optimal solution found (tolerance 1.00e-04)
INFO:gurobipy:Best objective 3.817633638382e+00, best bound 3.817633638382e+00, gap 0.0000%
INFO:root:Step 28: 11->3 (recharge, cost=0.0)
INFO:gurobipy:Set parameter TimeLimit to value 300
INFO:gurobipy:Gurobi Optimizer version 12.0.1 build v12.0.1rc0 (win64 - Windows 11.0 (22631.2))
INFO:gurobipy:
INFO:gurobipy:CPU model: 13th Gen Intel(R) Core(TM) i7-13620H, instruction set [SSE2|AVX|AVX2]
INFO:gurobipy:Thread count: 10 physical cores, 16 logical processors, using up to 16 threads
INFO:gurobipy:
INFO:gurobipy:Non-default parameters:
INFO:gurobipy:TimeLimit  300
INFO:gurobipy:
INFO:gurobipy:Optimize a model with 8 rows, 5 columns and 12 nonzeros
INFO:gurobipy:Model fingerprint: 0xe14020d1
INFO:gurobipy:Variable types: 0 continuous, 5 integer (5 binary)
INFO:gurobipy:Coefficient statistics:
INFO:gurobipy:  Matrix range     [1e+00, 1e+00]
INFO:gurobipy:  Objective range  [9e+02, 3e+03]
INFO:gurobipy:  Bounds range     [1e+00, 1e+00]
INFO:gurobipy:  RHS range        [1e+00, 1e+00]
INFO:gurobipy:Presolve removed 6 rows and 5 columns
INFO:gurobipy:Presolve time: 0.00s
INFO:gurobipy:
INFO:gurobipy:Explored 0 nodes (0 simplex iterations) in 0.01 seconds (0.00 work units)
INFO:gurobipy:Thread count was 1 (of 16 available processors)
INFO:gurobipy:
INFO:gurobipy:Solution count 0
INFO:gurobipy:
INFO:gurobipy:Model is infeasible
INFO:gurobipy:Best objective -, best bound -, gap -
ERROR:root:No valid action found
