INFO:gurobipy:Restricted license - for non-production use only - expires 2026-11-23
INFO:gurobipy:Set parameter TimeLimit to value 300
INFO:gurobipy:Gurobi Optimizer version 12.0.1 build v12.0.1rc0 (win64 - Windows 11.0 (22631.2))
INFO:gurobipy:
INFO:gurobipy:CPU model: 13th Gen Intel(R) Core(TM) i7-13620H, instruction set [SSE2|AVX|AVX2]
INFO:gurobipy:Thread count: 10 physical cores, 16 logical processors, using up to 16 threads
INFO:gurobipy:
INFO:gurobipy:Non-default parameters:
INFO:gurobipy:TimeLimit  300
INFO:gurobipy:
INFO:gurobipy:Optimize a model with 27 rows, 24 columns and 50 nonzeros
INFO:gurobipy:Model fingerprint: 0x0c58ecbc
INFO:gurobipy:Variable types: 0 continuous, 24 integer (24 binary)
INFO:gurobipy:Coefficient statistics:
INFO:gurobipy:  Matrix range     [1e+00, 1e+00]
INFO:gurobipy:  Objective range  [2e+02, 3e+03]
INFO:gurobipy:  Bounds range     [1e+00, 1e+00]
INFO:gurobipy:  RHS range        [1e+00, 1e+00]
INFO:gurobipy:Found heuristic solution: objective 344.2945620
INFO:gurobipy:Presolve removed 27 rows and 24 columns
INFO:gurobipy:Presolve time: 0.00s
INFO:gurobipy:Presolve: All rows and columns removed
INFO:gurobipy:
INFO:gurobipy:Explored 0 nodes (0 simplex iterations) in 0.01 seconds (0.00 work units)
INFO:gurobipy:Thread count was 1 (of 16 available processors)
INFO:gurobipy:
INFO:gurobipy:Solution count 2: 185.528 344.295 
INFO:gurobipy:
INFO:gurobipy:Optimal solution found (tolerance 1.00e-04)
INFO:gurobipy:Best objective 1.855280321460e+02, best bound 1.855280321460e+02, gap 0.0000%
INFO:root:Step 1: 0->22 (move, cost=185.6)
INFO:gurobipy:Set parameter TimeLimit to value 300
INFO:gurobipy:Gurobi Optimizer version 12.0.1 build v12.0.1rc0 (win64 - Windows 11.0 (22631.2))
INFO:gurobipy:
INFO:gurobipy:CPU model: 13th Gen Intel(R) Core(TM) i7-13620H, instruction set [SSE2|AVX|AVX2]
INFO:gurobipy:Thread count: 10 physical cores, 16 logical processors, using up to 16 threads
INFO:gurobipy:
INFO:gurobipy:Non-default parameters:
INFO:gurobipy:TimeLimit  300
INFO:gurobipy:
INFO:gurobipy:Optimize a model with 22 rows, 24 columns and 45 nonzeros
INFO:gurobipy:Model fingerprint: 0xc77a1710
INFO:gurobipy:Variable types: 0 continuous, 24 integer (24 binary)
INFO:gurobipy:Coefficient statistics:
INFO:gurobipy:  Matrix range     [1e+00, 1e+00]
INFO:gurobipy:  Objective range  [2e+02, 3e+03]
INFO:gurobipy:  Bounds range     [1e+00, 1e+00]
INFO:gurobipy:  RHS range        [1e+00, 1e+00]
INFO:gurobipy:Found heuristic solution: objective 185.1774249
INFO:gurobipy:Presolve removed 22 rows and 24 columns
INFO:gurobipy:Presolve time: 0.02s
INFO:gurobipy:Presolve: All rows and columns removed
INFO:gurobipy:
INFO:gurobipy:Explored 0 nodes (0 simplex iterations) in 0.03 seconds (0.00 work units)
INFO:gurobipy:Thread count was 1 (of 16 available processors)
INFO:gurobipy:
INFO:gurobipy:Solution count 2: 180.107 185.177 
INFO:gurobipy:
INFO:gurobipy:Optimal solution found (tolerance 1.00e-04)
INFO:gurobipy:Best objective 1.801068253336e+02, best bound 1.801068253336e+02, gap 0.0000%
INFO:root:Step 2: 22->16 (move, cost=180.1)
INFO:gurobipy:Set parameter TimeLimit to value 300
INFO:gurobipy:Gurobi Optimizer version 12.0.1 build v12.0.1rc0 (win64 - Windows 11.0 (22631.2))
INFO:gurobipy:
INFO:gurobipy:CPU model: 13th Gen Intel(R) Core(TM) i7-13620H, instruction set [SSE2|AVX|AVX2]
INFO:gurobipy:Thread count: 10 physical cores, 16 logical processors, using up to 16 threads
INFO:gurobipy:
INFO:gurobipy:Non-default parameters:
INFO:gurobipy:TimeLimit  300
INFO:gurobipy:
INFO:gurobipy:Optimize a model with 22 rows, 23 columns and 44 nonzeros
INFO:gurobipy:Model fingerprint: 0x49cba0f8
INFO:gurobipy:Variable types: 0 continuous, 23 integer (23 binary)
INFO:gurobipy:Coefficient statistics:
INFO:gurobipy:  Matrix range     [1e+00, 1e+00]
INFO:gurobipy:  Objective range  [1e+02, 3e+03]
INFO:gurobipy:  Bounds range     [1e+00, 1e+00]
INFO:gurobipy:  RHS range        [1e+00, 1e+00]
INFO:gurobipy:Found heuristic solution: objective 244.3622734
INFO:gurobipy:Presolve removed 22 rows and 23 columns
INFO:gurobipy:Presolve time: 0.00s
INFO:gurobipy:Presolve: All rows and columns removed
INFO:gurobipy:
INFO:gurobipy:Explored 0 nodes (0 simplex iterations) in 0.01 seconds (0.00 work units)
INFO:gurobipy:Thread count was 1 (of 16 available processors)
INFO:gurobipy:
INFO:gurobipy:Solution count 2: 117.661 244.362 
INFO:gurobipy:
INFO:gurobipy:Optimal solution found (tolerance 1.00e-04)
INFO:gurobipy:Best objective 1.176608469011e+02, best bound 1.176608469011e+02, gap 0.0000%
INFO:root:Step 3: 16->15 (move, cost=117.7)
INFO:gurobipy:Set parameter TimeLimit to value 300
INFO:gurobipy:Gurobi Optimizer version 12.0.1 build v12.0.1rc0 (win64 - Windows 11.0 (22631.2))
INFO:gurobipy:
INFO:gurobipy:CPU model: 13th Gen Intel(R) Core(TM) i7-13620H, instruction set [SSE2|AVX|AVX2]
INFO:gurobipy:Thread count: 10 physical cores, 16 logical processors, using up to 16 threads
INFO:gurobipy:
INFO:gurobipy:Non-default parameters:
INFO:gurobipy:TimeLimit  300
INFO:gurobipy:
INFO:gurobipy:Optimize a model with 24 rows, 22 columns and 45 nonzeros
INFO:gurobipy:Model fingerprint: 0x5a190f5d
INFO:gurobipy:Variable types: 0 continuous, 22 integer (22 binary)
INFO:gurobipy:Coefficient statistics:
INFO:gurobipy:  Matrix range     [1e+00, 1e+00]
INFO:gurobipy:  Objective range  [3e+02, 3e+03]
INFO:gurobipy:  Bounds range     [1e+00, 1e+00]
INFO:gurobipy:  RHS range        [1e+00, 1e+00]
INFO:gurobipy:Found heuristic solution: objective 361.8029400
INFO:gurobipy:Presolve removed 24 rows and 22 columns
INFO:gurobipy:Presolve time: 0.00s
INFO:gurobipy:Presolve: All rows and columns removed
INFO:gurobipy:
INFO:gurobipy:Explored 0 nodes (0 simplex iterations) in 0.01 seconds (0.00 work units)
INFO:gurobipy:Thread count was 1 (of 16 available processors)
INFO:gurobipy:
INFO:gurobipy:Solution count 2: 314.367 361.803 
INFO:gurobipy:
INFO:gurobipy:Optimal solution found (tolerance 1.00e-04)
INFO:gurobipy:Best objective 3.143665811795e+02, best bound 3.143665811795e+02, gap 0.0000%
INFO:root:Step 4: 15->23 (move, cost=314.4)
INFO:gurobipy:Set parameter TimeLimit to value 300
INFO:gurobipy:Gurobi Optimizer version 12.0.1 build v12.0.1rc0 (win64 - Windows 11.0 (22631.2))
INFO:gurobipy:
INFO:gurobipy:CPU model: 13th Gen Intel(R) Core(TM) i7-13620H, instruction set [SSE2|AVX|AVX2]
INFO:gurobipy:Thread count: 10 physical cores, 16 logical processors, using up to 16 threads
INFO:gurobipy:
INFO:gurobipy:Non-default parameters:
INFO:gurobipy:TimeLimit  300
INFO:gurobipy:
INFO:gurobipy:Optimize a model with 28 rows, 21 columns and 48 nonzeros
INFO:gurobipy:Model fingerprint: 0x0f9cb986
INFO:gurobipy:Variable types: 0 continuous, 21 integer (21 binary)
INFO:gurobipy:Coefficient statistics:
INFO:gurobipy:  Matrix range     [1e+00, 1e+00]
INFO:gurobipy:  Objective range  [1e+02, 2e+03]
INFO:gurobipy:  Bounds range     [1e+00, 1e+00]
INFO:gurobipy:  RHS range        [1e+00, 1e+00]
INFO:gurobipy:Found heuristic solution: objective 310.7008841
INFO:gurobipy:Presolve removed 28 rows and 21 columns
INFO:gurobipy:Presolve time: 0.00s
INFO:gurobipy:Presolve: All rows and columns removed
INFO:gurobipy:
INFO:gurobipy:Explored 0 nodes (0 simplex iterations) in 0.01 seconds (0.00 work units)
INFO:gurobipy:Thread count was 1 (of 16 available processors)
INFO:gurobipy:
INFO:gurobipy:Solution count 2: 140.857 310.701 
INFO:gurobipy:
INFO:gurobipy:Optimal solution found (tolerance 1.00e-04)
INFO:gurobipy:Best objective 1.408572487773e+02, best bound 1.408572487773e+02, gap 0.0000%
INFO:root:Step 5: 23->21 (move, cost=140.9)
INFO:gurobipy:Set parameter TimeLimit to value 300
INFO:gurobipy:Gurobi Optimizer version 12.0.1 build v12.0.1rc0 (win64 - Windows 11.0 (22631.2))
INFO:gurobipy:
INFO:gurobipy:CPU model: 13th Gen Intel(R) Core(TM) i7-13620H, instruction set [SSE2|AVX|AVX2]
INFO:gurobipy:Thread count: 10 physical cores, 16 logical processors, using up to 16 threads
INFO:gurobipy:
INFO:gurobipy:Non-default parameters:
INFO:gurobipy:TimeLimit  300
INFO:gurobipy:
INFO:gurobipy:Optimize a model with 29 rows, 20 columns and 48 nonzeros
INFO:gurobipy:Model fingerprint: 0x889d0f12
INFO:gurobipy:Variable types: 0 continuous, 20 integer (20 binary)
INFO:gurobipy:Coefficient statistics:
INFO:gurobipy:  Matrix range     [1e+00, 1e+00]
INFO:gurobipy:  Objective range  [3e+02, 2e+03]
INFO:gurobipy:  Bounds range     [1e+00, 1e+00]
INFO:gurobipy:  RHS range        [1e+00, 1e+00]
INFO:gurobipy:Found heuristic solution: objective 288.3115174
INFO:gurobipy:Presolve removed 29 rows and 20 columns
INFO:gurobipy:Presolve time: 0.00s
INFO:gurobipy:Presolve: All rows and columns removed
INFO:gurobipy:
INFO:gurobipy:Explored 0 nodes (0 simplex iterations) in 0.01 seconds (0.00 work units)
INFO:gurobipy:Thread count was 1 (of 16 available processors)
INFO:gurobipy:
INFO:gurobipy:Solution count 1: 288.312 
INFO:gurobipy:
INFO:gurobipy:Optimal solution found (tolerance 1.00e-04)
INFO:gurobipy:Best objective 2.883115173829e+02, best bound 2.883115173829e+02, gap 0.0000%
INFO:root:Step 6: 21->0 (recharge, cost=288.7)
INFO:gurobipy:Set parameter TimeLimit to value 300
INFO:gurobipy:Gurobi Optimizer version 12.0.1 build v12.0.1rc0 (win64 - Windows 11.0 (22631.2))
INFO:gurobipy:
INFO:gurobipy:CPU model: 13th Gen Intel(R) Core(TM) i7-13620H, instruction set [SSE2|AVX|AVX2]
INFO:gurobipy:Thread count: 10 physical cores, 16 logical processors, using up to 16 threads
INFO:gurobipy:
INFO:gurobipy:Non-default parameters:
INFO:gurobipy:TimeLimit  300
INFO:gurobipy:
INFO:gurobipy:Optimize a model with 22 rows, 19 columns and 40 nonzeros
INFO:gurobipy:Model fingerprint: 0x4ace7d8b
INFO:gurobipy:Variable types: 0 continuous, 19 integer (19 binary)
INFO:gurobipy:Coefficient statistics:
INFO:gurobipy:  Matrix range     [1e+00, 1e+00]
INFO:gurobipy:  Objective range  [3e+02, 3e+03]
INFO:gurobipy:  Bounds range     [1e+00, 1e+00]
INFO:gurobipy:  RHS range        [1e+00, 1e+00]
INFO:gurobipy:Found heuristic solution: objective 702.4609966
INFO:gurobipy:Presolve removed 22 rows and 19 columns
INFO:gurobipy:Presolve time: 0.00s
INFO:gurobipy:Presolve: All rows and columns removed
INFO:gurobipy:
INFO:gurobipy:Explored 0 nodes (0 simplex iterations) in 0.01 seconds (0.00 work units)
INFO:gurobipy:Thread count was 1 (of 16 available processors)
INFO:gurobipy:
INFO:gurobipy:Solution count 2: 282.865 702.461 
INFO:gurobipy:
INFO:gurobipy:Optimal solution found (tolerance 1.00e-04)
INFO:gurobipy:Best objective 2.828653022418e+02, best bound 2.828653022418e+02, gap 0.0000%
INFO:root:Step 7: 0->24 (move, cost=282.9)
INFO:gurobipy:Set parameter TimeLimit to value 300
INFO:gurobipy:Gurobi Optimizer version 12.0.1 build v12.0.1rc0 (win64 - Windows 11.0 (22631.2))
INFO:gurobipy:
INFO:gurobipy:CPU model: 13th Gen Intel(R) Core(TM) i7-13620H, instruction set [SSE2|AVX|AVX2]
INFO:gurobipy:Thread count: 10 physical cores, 16 logical processors, using up to 16 threads
INFO:gurobipy:
INFO:gurobipy:Non-default parameters:
INFO:gurobipy:TimeLimit  300
INFO:gurobipy:
INFO:gurobipy:Optimize a model with 17 rows, 19 columns and 35 nonzeros
INFO:gurobipy:Model fingerprint: 0xc7d39133
INFO:gurobipy:Variable types: 0 continuous, 19 integer (19 binary)
INFO:gurobipy:Coefficient statistics:
INFO:gurobipy:  Matrix range     [1e+00, 1e+00]
INFO:gurobipy:  Objective range  [1e+02, 2e+03]
INFO:gurobipy:  Bounds range     [1e+00, 1e+00]
INFO:gurobipy:  RHS range        [1e+00, 1e+00]
INFO:gurobipy:Found heuristic solution: objective 282.4782767
INFO:gurobipy:Presolve removed 17 rows and 19 columns
INFO:gurobipy:Presolve time: 0.00s
INFO:gurobipy:Presolve: All rows and columns removed
INFO:gurobipy:
INFO:gurobipy:Explored 0 nodes (0 simplex iterations) in 0.01 seconds (0.00 work units)
INFO:gurobipy:Thread count was 1 (of 16 available processors)
INFO:gurobipy:
INFO:gurobipy:Solution count 2: 104.541 282.478 
INFO:gurobipy:
INFO:gurobipy:Optimal solution found (tolerance 1.00e-04)
INFO:gurobipy:Best objective 1.045413509449e+02, best bound 1.045413509449e+02, gap 0.0000%
INFO:root:Step 8: 24->13 (move, cost=104.6)
INFO:gurobipy:Set parameter TimeLimit to value 300
INFO:gurobipy:Gurobi Optimizer version 12.0.1 build v12.0.1rc0 (win64 - Windows 11.0 (22631.2))
INFO:gurobipy:
INFO:gurobipy:CPU model: 13th Gen Intel(R) Core(TM) i7-13620H, instruction set [SSE2|AVX|AVX2]
INFO:gurobipy:Thread count: 10 physical cores, 16 logical processors, using up to 16 threads
INFO:gurobipy:
INFO:gurobipy:Non-default parameters:
INFO:gurobipy:TimeLimit  300
INFO:gurobipy:
INFO:gurobipy:Optimize a model with 16 rows, 18 columns and 33 nonzeros
INFO:gurobipy:Model fingerprint: 0xf3925d68
INFO:gurobipy:Variable types: 0 continuous, 18 integer (18 binary)
INFO:gurobipy:Coefficient statistics:
INFO:gurobipy:  Matrix range     [1e+00, 1e+00]
INFO:gurobipy:  Objective range  [2e+02, 2e+03]
INFO:gurobipy:  Bounds range     [1e+00, 1e+00]
INFO:gurobipy:  RHS range        [1e+00, 1e+00]
INFO:gurobipy:Found heuristic solution: objective 374.3188522
INFO:gurobipy:Presolve removed 16 rows and 18 columns
INFO:gurobipy:Presolve time: 0.00s
INFO:gurobipy:Presolve: All rows and columns removed
INFO:gurobipy:
INFO:gurobipy:Explored 0 nodes (0 simplex iterations) in 0.01 seconds (0.00 work units)
INFO:gurobipy:Thread count was 1 (of 16 available processors)
INFO:gurobipy:
INFO:gurobipy:Solution count 2: 226.95 374.319 
INFO:gurobipy:
INFO:gurobipy:Optimal solution found (tolerance 1.00e-04)
INFO:gurobipy:Best objective 2.269501715895e+02, best bound 2.269501715895e+02, gap 0.0000%
INFO:root:Step 9: 13->5 (move, cost=227.0)
INFO:gurobipy:Set parameter TimeLimit to value 300
INFO:gurobipy:Gurobi Optimizer version 12.0.1 build v12.0.1rc0 (win64 - Windows 11.0 (22631.2))
INFO:gurobipy:
INFO:gurobipy:CPU model: 13th Gen Intel(R) Core(TM) i7-13620H, instruction set [SSE2|AVX|AVX2]
INFO:gurobipy:Thread count: 10 physical cores, 16 logical processors, using up to 16 threads
INFO:gurobipy:
INFO:gurobipy:Non-default parameters:
INFO:gurobipy:TimeLimit  300
INFO:gurobipy:
INFO:gurobipy:Optimize a model with 21 rows, 17 columns and 37 nonzeros
INFO:gurobipy:Model fingerprint: 0x2eae9b87
INFO:gurobipy:Variable types: 0 continuous, 17 integer (17 binary)
INFO:gurobipy:Coefficient statistics:
INFO:gurobipy:  Matrix range     [1e+00, 1e+00]
INFO:gurobipy:  Objective range  [3e+02, 2e+03]
INFO:gurobipy:  Bounds range     [1e+00, 1e+00]
INFO:gurobipy:  RHS range        [1e+00, 1e+00]
INFO:gurobipy:Found heuristic solution: objective 343.9550917
INFO:gurobipy:Presolve removed 21 rows and 17 columns
INFO:gurobipy:Presolve time: 0.00s
INFO:gurobipy:Presolve: All rows and columns removed
INFO:gurobipy:
INFO:gurobipy:Explored 0 nodes (0 simplex iterations) in 0.01 seconds (0.00 work units)
INFO:gurobipy:Thread count was 1 (of 16 available processors)
INFO:gurobipy:
INFO:gurobipy:Solution count 2: 269.803 343.955 
INFO:gurobipy:
INFO:gurobipy:Optimal solution found (tolerance 1.00e-04)
INFO:gurobipy:Best objective 2.698026081398e+02, best bound 2.698026081398e+02, gap 0.0000%
INFO:root:Step 10: 5->12 (move, cost=269.9)
INFO:gurobipy:Set parameter TimeLimit to value 300
INFO:gurobipy:Gurobi Optimizer version 12.0.1 build v12.0.1rc0 (win64 - Windows 11.0 (22631.2))
INFO:gurobipy:
INFO:gurobipy:CPU model: 13th Gen Intel(R) Core(TM) i7-13620H, instruction set [SSE2|AVX|AVX2]
INFO:gurobipy:Thread count: 10 physical cores, 16 logical processors, using up to 16 threads
INFO:gurobipy:
INFO:gurobipy:Non-default parameters:
INFO:gurobipy:TimeLimit  300
INFO:gurobipy:
INFO:gurobipy:Optimize a model with 21 rows, 16 columns and 36 nonzeros
INFO:gurobipy:Model fingerprint: 0x53de24f6
INFO:gurobipy:Variable types: 0 continuous, 16 integer (16 binary)
INFO:gurobipy:Coefficient statistics:
INFO:gurobipy:  Matrix range     [1e+00, 1e+00]
INFO:gurobipy:  Objective range  [2e+02, 1e+03]
INFO:gurobipy:  Bounds range     [1e+00, 1e+00]
INFO:gurobipy:  RHS range        [1e+00, 1e+00]
INFO:gurobipy:Found heuristic solution: objective 548.9992566
INFO:gurobipy:Presolve removed 21 rows and 16 columns
INFO:gurobipy:Presolve time: 0.00s
INFO:gurobipy:Presolve: All rows and columns removed
INFO:gurobipy:
INFO:gurobipy:Explored 0 nodes (0 simplex iterations) in 0.01 seconds (0.00 work units)
INFO:gurobipy:Thread count was 1 (of 16 available processors)
INFO:gurobipy:
INFO:gurobipy:Solution count 2: 220.315 548.999 
INFO:gurobipy:
INFO:gurobipy:Optimal solution found (tolerance 1.00e-04)
INFO:gurobipy:Best objective 2.203146849246e+02, best bound 2.203146849246e+02, gap 0.0000%
INFO:root:Step 11: 12->19 (move, cost=220.3)
INFO:gurobipy:Set parameter TimeLimit to value 300
INFO:gurobipy:Gurobi Optimizer version 12.0.1 build v12.0.1rc0 (win64 - Windows 11.0 (22631.2))
INFO:gurobipy:
INFO:gurobipy:CPU model: 13th Gen Intel(R) Core(TM) i7-13620H, instruction set [SSE2|AVX|AVX2]
INFO:gurobipy:Thread count: 10 physical cores, 16 logical processors, using up to 16 threads
INFO:gurobipy:
INFO:gurobipy:Non-default parameters:
INFO:gurobipy:TimeLimit  300
INFO:gurobipy:
INFO:gurobipy:Optimize a model with 22 rows, 15 columns and 36 nonzeros
INFO:gurobipy:Model fingerprint: 0x2d3cb717
INFO:gurobipy:Variable types: 0 continuous, 15 integer (15 binary)
INFO:gurobipy:Coefficient statistics:
INFO:gurobipy:  Matrix range     [1e+00, 1e+00]
INFO:gurobipy:  Objective range  [1e+02, 2e+03]
INFO:gurobipy:  Bounds range     [1e+00, 1e+00]
INFO:gurobipy:  RHS range        [1e+00, 1e+00]
INFO:gurobipy:Found heuristic solution: objective 125.3569949
INFO:gurobipy:Presolve removed 22 rows and 15 columns
INFO:gurobipy:Presolve time: 0.00s
INFO:gurobipy:Presolve: All rows and columns removed
INFO:gurobipy:
INFO:gurobipy:Explored 0 nodes (0 simplex iterations) in 0.02 seconds (0.00 work units)
INFO:gurobipy:Thread count was 1 (of 16 available processors)
INFO:gurobipy:
INFO:gurobipy:Solution count 1: 125.357 
INFO:gurobipy:
INFO:gurobipy:Optimal solution found (tolerance 1.00e-04)
INFO:gurobipy:Best objective 1.253569949371e+02, best bound 1.253569949371e+02, gap 0.0000%
INFO:root:Step 12: 19->4 (recharge, cost=125.7)
INFO:gurobipy:Set parameter TimeLimit to value 300
INFO:gurobipy:Gurobi Optimizer version 12.0.1 build v12.0.1rc0 (win64 - Windows 11.0 (22631.2))
INFO:gurobipy:
INFO:gurobipy:CPU model: 13th Gen Intel(R) Core(TM) i7-13620H, instruction set [SSE2|AVX|AVX2]
INFO:gurobipy:Thread count: 10 physical cores, 16 logical processors, using up to 16 threads
INFO:gurobipy:
INFO:gurobipy:Non-default parameters:
INFO:gurobipy:TimeLimit  300
INFO:gurobipy:
INFO:gurobipy:Optimize a model with 18 rows, 14 columns and 31 nonzeros
INFO:gurobipy:Model fingerprint: 0x2f859d8d
INFO:gurobipy:Variable types: 0 continuous, 14 integer (14 binary)
INFO:gurobipy:Coefficient statistics:
INFO:gurobipy:  Matrix range     [1e+00, 1e+00]
INFO:gurobipy:  Objective range  [7e+01, 2e+03]
INFO:gurobipy:  Bounds range     [1e+00, 1e+00]
INFO:gurobipy:  RHS range        [1e+00, 1e+00]
INFO:gurobipy:Found heuristic solution: objective 690.9598420
INFO:gurobipy:Presolve removed 18 rows and 14 columns
INFO:gurobipy:Presolve time: 0.00s
INFO:gurobipy:Presolve: All rows and columns removed
INFO:gurobipy:
INFO:gurobipy:Explored 0 nodes (0 simplex iterations) in 0.01 seconds (0.00 work units)
INFO:gurobipy:Thread count was 1 (of 16 available processors)
INFO:gurobipy:
INFO:gurobipy:Solution count 2: 66.4415 690.96 
INFO:gurobipy:
INFO:gurobipy:Optimal solution found (tolerance 1.00e-04)
INFO:gurobipy:Best objective 6.644150443770e+01, best bound 6.644150443770e+01, gap 0.0000%
INFO:root:Step 13: 4->20 (move, cost=66.5)
INFO:gurobipy:Set parameter TimeLimit to value 300
INFO:gurobipy:Gurobi Optimizer version 12.0.1 build v12.0.1rc0 (win64 - Windows 11.0 (22631.2))
INFO:gurobipy:
INFO:gurobipy:CPU model: 13th Gen Intel(R) Core(TM) i7-13620H, instruction set [SSE2|AVX|AVX2]
INFO:gurobipy:Thread count: 10 physical cores, 16 logical processors, using up to 16 threads
INFO:gurobipy:
INFO:gurobipy:Non-default parameters:
INFO:gurobipy:TimeLimit  300
INFO:gurobipy:
INFO:gurobipy:Optimize a model with 14 rows, 14 columns and 27 nonzeros
INFO:gurobipy:Model fingerprint: 0x3c9b48de
INFO:gurobipy:Variable types: 0 continuous, 14 integer (14 binary)
INFO:gurobipy:Coefficient statistics:
INFO:gurobipy:  Matrix range     [1e+00, 1e+00]
INFO:gurobipy:  Objective range  [7e+01, 2e+03]
INFO:gurobipy:  Bounds range     [1e+00, 1e+00]
INFO:gurobipy:  RHS range        [1e+00, 1e+00]
INFO:gurobipy:Found heuristic solution: objective 824.3267309
INFO:gurobipy:Presolve removed 14 rows and 14 columns
INFO:gurobipy:Presolve time: 0.00s
INFO:gurobipy:Presolve: All rows and columns removed
INFO:gurobipy:
INFO:gurobipy:Explored 0 nodes (0 simplex iterations) in 0.01 seconds (0.00 work units)
INFO:gurobipy:Thread count was 1 (of 16 available processors)
INFO:gurobipy:
INFO:gurobipy:Solution count 2: 66.0748 824.327 
INFO:gurobipy:
INFO:gurobipy:Optimal solution found (tolerance 1.00e-04)
INFO:gurobipy:Best objective 6.607481599249e+01, best bound 6.607481599249e+01, gap 0.0000%
INFO:root:Step 14: 20->4 (recharge, cost=66.5)
INFO:gurobipy:Set parameter TimeLimit to value 300
INFO:gurobipy:Gurobi Optimizer version 12.0.1 build v12.0.1rc0 (win64 - Windows 11.0 (22631.2))
INFO:gurobipy:
INFO:gurobipy:CPU model: 13th Gen Intel(R) Core(TM) i7-13620H, instruction set [SSE2|AVX|AVX2]
INFO:gurobipy:Thread count: 10 physical cores, 16 logical processors, using up to 16 threads
INFO:gurobipy:
INFO:gurobipy:Non-default parameters:
INFO:gurobipy:TimeLimit  300
INFO:gurobipy:
INFO:gurobipy:Optimize a model with 15 rows, 13 columns and 27 nonzeros
INFO:gurobipy:Model fingerprint: 0x77b21c2a
INFO:gurobipy:Variable types: 0 continuous, 13 integer (13 binary)
INFO:gurobipy:Coefficient statistics:
INFO:gurobipy:  Matrix range     [1e+00, 1e+00]
INFO:gurobipy:  Objective range  [2e+02, 2e+03]
INFO:gurobipy:  Bounds range     [1e+00, 1e+00]
INFO:gurobipy:  RHS range        [1e+00, 1e+00]
INFO:gurobipy:Found heuristic solution: objective 690.9598420
INFO:gurobipy:Presolve removed 15 rows and 13 columns
INFO:gurobipy:Presolve time: 0.00s
INFO:gurobipy:Presolve: All rows and columns removed
INFO:gurobipy:
INFO:gurobipy:Explored 0 nodes (0 simplex iterations) in 0.00 seconds (0.00 work units)
INFO:gurobipy:Thread count was 1 (of 16 available processors)
INFO:gurobipy:
INFO:gurobipy:Solution count 2: 232.054 690.96 
INFO:gurobipy:
INFO:gurobipy:Optimal solution found (tolerance 1.00e-04)
INFO:gurobipy:Best objective 2.320541581766e+02, best bound 2.320541581766e+02, gap 0.0000%
INFO:root:Step 15: 4->14 (move, cost=232.1)
INFO:gurobipy:Set parameter TimeLimit to value 300
INFO:gurobipy:Gurobi Optimizer version 12.0.1 build v12.0.1rc0 (win64 - Windows 11.0 (22631.2))
INFO:gurobipy:
INFO:gurobipy:CPU model: 13th Gen Intel(R) Core(TM) i7-13620H, instruction set [SSE2|AVX|AVX2]
INFO:gurobipy:Thread count: 10 physical cores, 16 logical processors, using up to 16 threads
INFO:gurobipy:
INFO:gurobipy:Non-default parameters:
INFO:gurobipy:TimeLimit  300
INFO:gurobipy:
INFO:gurobipy:Optimize a model with 15 rows, 13 columns and 27 nonzeros
INFO:gurobipy:Model fingerprint: 0xd223b1e3
INFO:gurobipy:Variable types: 0 continuous, 13 integer (13 binary)
INFO:gurobipy:Coefficient statistics:
INFO:gurobipy:  Matrix range     [1e+00, 1e+00]
INFO:gurobipy:  Objective range  [2e+02, 2e+03]
INFO:gurobipy:  Bounds range     [1e+00, 1e+00]
INFO:gurobipy:  RHS range        [1e+00, 1e+00]
INFO:gurobipy:Found heuristic solution: objective 1003.5586567
INFO:gurobipy:Presolve removed 15 rows and 13 columns
INFO:gurobipy:Presolve time: 0.00s
INFO:gurobipy:Presolve: All rows and columns removed
INFO:gurobipy:
INFO:gurobipy:Explored 0 nodes (0 simplex iterations) in 0.01 seconds (0.00 work units)
INFO:gurobipy:Thread count was 1 (of 16 available processors)
INFO:gurobipy:
INFO:gurobipy:Solution count 2: 187.786 1003.56 
INFO:gurobipy:
INFO:gurobipy:Optimal solution found (tolerance 1.00e-04)
INFO:gurobipy:Best objective 1.877860923447e+02, best bound 1.877860923447e+02, gap 0.0000%
INFO:root:Step 16: 14->8 (move, cost=187.8)
INFO:gurobipy:Set parameter TimeLimit to value 300
INFO:gurobipy:Gurobi Optimizer version 12.0.1 build v12.0.1rc0 (win64 - Windows 11.0 (22631.2))
INFO:gurobipy:
INFO:gurobipy:CPU model: 13th Gen Intel(R) Core(TM) i7-13620H, instruction set [SSE2|AVX|AVX2]
INFO:gurobipy:Thread count: 10 physical cores, 16 logical processors, using up to 16 threads
INFO:gurobipy:
INFO:gurobipy:Non-default parameters:
INFO:gurobipy:TimeLimit  300
INFO:gurobipy:
INFO:gurobipy:Optimize a model with 15 rows, 12 columns and 26 nonzeros
INFO:gurobipy:Model fingerprint: 0x7da52386
INFO:gurobipy:Variable types: 0 continuous, 12 integer (12 binary)
INFO:gurobipy:Coefficient statistics:
INFO:gurobipy:  Matrix range     [1e+00, 1e+00]
INFO:gurobipy:  Objective range  [2e+02, 2e+03]
INFO:gurobipy:  Bounds range     [1e+00, 1e+00]
INFO:gurobipy:  RHS range        [1e+00, 1e+00]
INFO:gurobipy:Found heuristic solution: objective 1052.8352129
INFO:gurobipy:Presolve removed 15 rows and 12 columns
INFO:gurobipy:Presolve time: 0.00s
INFO:gurobipy:Presolve: All rows and columns removed
INFO:gurobipy:
INFO:gurobipy:Explored 0 nodes (0 simplex iterations) in 0.00 seconds (0.00 work units)
INFO:gurobipy:Thread count was 1 (of 16 available processors)
INFO:gurobipy:
INFO:gurobipy:Solution count 2: 232.225 1052.84 
INFO:gurobipy:
INFO:gurobipy:Optimal solution found (tolerance 1.00e-04)
INFO:gurobipy:Best objective 2.322246647187e+02, best bound 2.322246647187e+02, gap 0.0000%
INFO:root:Step 17: 8->4 (recharge, cost=232.6)
INFO:gurobipy:Set parameter TimeLimit to value 300
INFO:gurobipy:Gurobi Optimizer version 12.0.1 build v12.0.1rc0 (win64 - Windows 11.0 (22631.2))
INFO:gurobipy:
INFO:gurobipy:CPU model: 13th Gen Intel(R) Core(TM) i7-13620H, instruction set [SSE2|AVX|AVX2]
INFO:gurobipy:Thread count: 10 physical cores, 16 logical processors, using up to 16 threads
INFO:gurobipy:
INFO:gurobipy:Non-default parameters:
INFO:gurobipy:TimeLimit  300
INFO:gurobipy:
INFO:gurobipy:Optimize a model with 16 rows, 11 columns and 26 nonzeros
INFO:gurobipy:Model fingerprint: 0xd954bf64
INFO:gurobipy:Variable types: 0 continuous, 11 integer (11 binary)
INFO:gurobipy:Coefficient statistics:
INFO:gurobipy:  Matrix range     [1e+00, 1e+00]
INFO:gurobipy:  Objective range  [5e+02, 2e+03]
INFO:gurobipy:  Bounds range     [1e+00, 1e+00]
INFO:gurobipy:  RHS range        [1e+00, 1e+00]
INFO:gurobipy:Found heuristic solution: objective 1161.6985262
INFO:gurobipy:Presolve removed 16 rows and 11 columns
INFO:gurobipy:Presolve time: 0.00s
INFO:gurobipy:Presolve: All rows and columns removed
INFO:gurobipy:
INFO:gurobipy:Explored 0 nodes (0 simplex iterations) in 0.01 seconds (0.00 work units)
INFO:gurobipy:Thread count was 1 (of 16 available processors)
INFO:gurobipy:
INFO:gurobipy:Solution count 2: 533.282 1161.7 
INFO:gurobipy:
INFO:gurobipy:Optimal solution found (tolerance 1.00e-04)
INFO:gurobipy:Best objective 5.332816353691e+02, best bound 5.332816353691e+02, gap 0.0000%
INFO:root:Step 18: 4->17 (move, cost=533.3)
INFO:gurobipy:Set parameter TimeLimit to value 300
INFO:gurobipy:Gurobi Optimizer version 12.0.1 build v12.0.1rc0 (win64 - Windows 11.0 (22631.2))
INFO:gurobipy:
INFO:gurobipy:CPU model: 13th Gen Intel(R) Core(TM) i7-13620H, instruction set [SSE2|AVX|AVX2]
INFO:gurobipy:Thread count: 10 physical cores, 16 logical processors, using up to 16 threads
INFO:gurobipy:
INFO:gurobipy:Non-default parameters:
INFO:gurobipy:TimeLimit  300
INFO:gurobipy:
INFO:gurobipy:Optimize a model with 16 rows, 11 columns and 26 nonzeros
INFO:gurobipy:Model fingerprint: 0xbf4e212e
INFO:gurobipy:Variable types: 0 continuous, 11 integer (11 binary)
INFO:gurobipy:Coefficient statistics:
INFO:gurobipy:  Matrix range     [1e+00, 1e+00]
INFO:gurobipy:  Objective range  [5e+02, 2e+03]
INFO:gurobipy:  Bounds range     [1e+00, 1e+00]
INFO:gurobipy:  RHS range        [1e+00, 1e+00]
INFO:gurobipy:Found heuristic solution: objective 468.9847333
INFO:gurobipy:Presolve removed 16 rows and 11 columns
INFO:gurobipy:Presolve time: 0.00s
INFO:gurobipy:Presolve: All rows and columns removed
INFO:gurobipy:
INFO:gurobipy:Explored 0 nodes (0 simplex iterations) in 0.01 seconds (0.00 work units)
INFO:gurobipy:Thread count was 1 (of 16 available processors)
INFO:gurobipy:
INFO:gurobipy:Solution count 1: 468.985 
INFO:gurobipy:
INFO:gurobipy:Optimal solution found (tolerance 1.00e-04)
INFO:gurobipy:Best objective 4.689847332518e+02, best bound 4.689847332518e+02, gap 0.0000%
INFO:root:Step 19: 17->0 (recharge, cost=469.4)
INFO:gurobipy:Set parameter TimeLimit to value 300
INFO:gurobipy:Gurobi Optimizer version 12.0.1 build v12.0.1rc0 (win64 - Windows 11.0 (22631.2))
INFO:gurobipy:
INFO:gurobipy:CPU model: 13th Gen Intel(R) Core(TM) i7-13620H, instruction set [SSE2|AVX|AVX2]
INFO:gurobipy:Thread count: 10 physical cores, 16 logical processors, using up to 16 threads
INFO:gurobipy:
INFO:gurobipy:Non-default parameters:
INFO:gurobipy:TimeLimit  300
INFO:gurobipy:
INFO:gurobipy:Optimize a model with 14 rows, 10 columns and 23 nonzeros
INFO:gurobipy:Model fingerprint: 0x441b6968
INFO:gurobipy:Variable types: 0 continuous, 10 integer (10 binary)
INFO:gurobipy:Coefficient statistics:
INFO:gurobipy:  Matrix range     [1e+00, 1e+00]
INFO:gurobipy:  Objective range  [8e+02, 3e+03]
INFO:gurobipy:  Bounds range     [1e+00, 1e+00]
INFO:gurobipy:  RHS range        [1e+00, 1e+00]
INFO:gurobipy:Found heuristic solution: objective 837.1648392
INFO:gurobipy:Presolve removed 14 rows and 10 columns
INFO:gurobipy:Presolve time: 0.00s
INFO:gurobipy:Presolve: All rows and columns removed
INFO:gurobipy:
INFO:gurobipy:Explored 0 nodes (0 simplex iterations) in 0.01 seconds (0.00 work units)
INFO:gurobipy:Thread count was 1 (of 16 available processors)
INFO:gurobipy:
INFO:gurobipy:Solution count 1: 837.165 
INFO:gurobipy:
INFO:gurobipy:Optimal solution found (tolerance 1.00e-04)
INFO:gurobipy:Best objective 8.371648392252e+02, best bound 8.371648392252e+02, gap 0.0000%
INFO:root:Step 20: 0->18 (move, cost=837.2)
INFO:gurobipy:Set parameter TimeLimit to value 300
INFO:gurobipy:Gurobi Optimizer version 12.0.1 build v12.0.1rc0 (win64 - Windows 11.0 (22631.2))
INFO:gurobipy:
INFO:gurobipy:CPU model: 13th Gen Intel(R) Core(TM) i7-13620H, instruction set [SSE2|AVX|AVX2]
INFO:gurobipy:Thread count: 10 physical cores, 16 logical processors, using up to 16 threads
INFO:gurobipy:
INFO:gurobipy:Non-default parameters:
INFO:gurobipy:TimeLimit  300
INFO:gurobipy:
INFO:gurobipy:Optimize a model with 13 rows, 10 columns and 22 nonzeros
INFO:gurobipy:Model fingerprint: 0x7bd4792b
INFO:gurobipy:Variable types: 0 continuous, 10 integer (10 binary)
INFO:gurobipy:Coefficient statistics:
INFO:gurobipy:  Matrix range     [1e+00, 1e+00]
INFO:gurobipy:  Objective range  [4e+02, 1e+03]
INFO:gurobipy:  Bounds range     [1e+00, 1e+00]
INFO:gurobipy:  RHS range        [1e+00, 1e+00]
INFO:gurobipy:Presolve removed 13 rows and 10 columns
INFO:gurobipy:Presolve time: 0.00s
INFO:gurobipy:Presolve: All rows and columns removed
INFO:gurobipy:
INFO:gurobipy:Explored 0 nodes (0 simplex iterations) in 0.00 seconds (0.00 work units)
INFO:gurobipy:Thread count was 1 (of 16 available processors)
INFO:gurobipy:
INFO:gurobipy:Solution count 1: 371.406 
INFO:gurobipy:
INFO:gurobipy:Optimal solution found (tolerance 1.00e-04)
INFO:gurobipy:Best objective 3.714059875455e+02, best bound 3.714059875455e+02, gap 0.0000%
INFO:root:Step 21: 18->2 (recharge, cost=371.8)
INFO:gurobipy:Set parameter TimeLimit to value 300
INFO:gurobipy:Gurobi Optimizer version 12.0.1 build v12.0.1rc0 (win64 - Windows 11.0 (22631.2))
INFO:gurobipy:
INFO:gurobipy:CPU model: 13th Gen Intel(R) Core(TM) i7-13620H, instruction set [SSE2|AVX|AVX2]
INFO:gurobipy:Thread count: 10 physical cores, 16 logical processors, using up to 16 threads
INFO:gurobipy:
INFO:gurobipy:Non-default parameters:
INFO:gurobipy:TimeLimit  300
INFO:gurobipy:
INFO:gurobipy:Optimize a model with 11 rows, 9 columns and 19 nonzeros
INFO:gurobipy:Model fingerprint: 0x85617168
INFO:gurobipy:Variable types: 0 continuous, 9 integer (9 binary)
INFO:gurobipy:Coefficient statistics:
INFO:gurobipy:  Matrix range     [1e+00, 1e+00]
INFO:gurobipy:  Objective range  [1e+02, 2e+03]
INFO:gurobipy:  Bounds range     [1e+00, 1e+00]
INFO:gurobipy:  RHS range        [1e+00, 1e+00]
INFO:gurobipy:Found heuristic solution: objective 1129.2482700
INFO:gurobipy:Presolve removed 11 rows and 9 columns
INFO:gurobipy:Presolve time: 0.00s
INFO:gurobipy:Presolve: All rows and columns removed
INFO:gurobipy:
INFO:gurobipy:Explored 0 nodes (0 simplex iterations) in 0.00 seconds (0.00 work units)
INFO:gurobipy:Thread count was 1 (of 16 available processors)
INFO:gurobipy:
INFO:gurobipy:Solution count 2: 135.564 1129.25 
INFO:gurobipy:
INFO:gurobipy:Optimal solution found (tolerance 1.00e-04)
INFO:gurobipy:Best objective 1.355643041328e+02, best bound 1.355643041328e+02, gap 0.0000%
INFO:root:Step 22: 2->6 (move, cost=135.6)
INFO:gurobipy:Set parameter TimeLimit to value 300
INFO:gurobipy:Gurobi Optimizer version 12.0.1 build v12.0.1rc0 (win64 - Windows 11.0 (22631.2))
INFO:gurobipy:
INFO:gurobipy:CPU model: 13th Gen Intel(R) Core(TM) i7-13620H, instruction set [SSE2|AVX|AVX2]
INFO:gurobipy:Thread count: 10 physical cores, 16 logical processors, using up to 16 threads
INFO:gurobipy:
INFO:gurobipy:Non-default parameters:
INFO:gurobipy:TimeLimit  300
INFO:gurobipy:
INFO:gurobipy:Optimize a model with 8 rows, 9 columns and 16 nonzeros
INFO:gurobipy:Model fingerprint: 0x2dca41ef
INFO:gurobipy:Variable types: 0 continuous, 9 integer (9 binary)
INFO:gurobipy:Coefficient statistics:
INFO:gurobipy:  Matrix range     [1e+00, 1e+00]
INFO:gurobipy:  Objective range  [1e+02, 2e+03]
INFO:gurobipy:  Bounds range     [1e+00, 1e+00]
INFO:gurobipy:  RHS range        [1e+00, 1e+00]
INFO:gurobipy:Found heuristic solution: objective 1258.0867001
INFO:gurobipy:Presolve removed 8 rows and 9 columns
INFO:gurobipy:Presolve time: 0.00s
INFO:gurobipy:Presolve: All rows and columns removed
INFO:gurobipy:
INFO:gurobipy:Explored 0 nodes (0 simplex iterations) in 0.00 seconds (0.00 work units)
INFO:gurobipy:Thread count was 1 (of 16 available processors)
INFO:gurobipy:
INFO:gurobipy:Solution count 2: 116.59 1258.09 
INFO:gurobipy:
INFO:gurobipy:Optimal solution found (tolerance 1.00e-04)
INFO:gurobipy:Best objective 1.165897751203e+02, best bound 1.165897751203e+02, gap 0.0000%
INFO:root:Step 23: 6->9 (move, cost=116.6)
INFO:gurobipy:Set parameter TimeLimit to value 300
INFO:gurobipy:Gurobi Optimizer version 12.0.1 build v12.0.1rc0 (win64 - Windows 11.0 (22631.2))
INFO:gurobipy:
INFO:gurobipy:CPU model: 13th Gen Intel(R) Core(TM) i7-13620H, instruction set [SSE2|AVX|AVX2]
INFO:gurobipy:Thread count: 10 physical cores, 16 logical processors, using up to 16 threads
INFO:gurobipy:
INFO:gurobipy:Non-default parameters:
INFO:gurobipy:TimeLimit  300
INFO:gurobipy:
INFO:gurobipy:Optimize a model with 10 rows, 8 columns and 17 nonzeros
INFO:gurobipy:Model fingerprint: 0x5f191748
INFO:gurobipy:Variable types: 0 continuous, 8 integer (8 binary)
INFO:gurobipy:Coefficient statistics:
INFO:gurobipy:  Matrix range     [1e+00, 1e+00]
INFO:gurobipy:  Objective range  [2e+02, 2e+03]
INFO:gurobipy:  Bounds range     [1e+00, 1e+00]
INFO:gurobipy:  RHS range        [1e+00, 1e+00]
INFO:gurobipy:Presolve removed 10 rows and 8 columns
INFO:gurobipy:Presolve time: 0.00s
INFO:gurobipy:Presolve: All rows and columns removed
INFO:gurobipy:
INFO:gurobipy:Explored 0 nodes (0 simplex iterations) in 0.00 seconds (0.00 work units)
INFO:gurobipy:Thread count was 1 (of 16 available processors)
INFO:gurobipy:
INFO:gurobipy:Solution count 1: 248.919 
INFO:gurobipy:
INFO:gurobipy:Optimal solution found (tolerance 1.00e-04)
INFO:gurobipy:Best objective 2.489189093937e+02, best bound 2.489189093937e+02, gap 0.0000%
INFO:root:Step 24: 9->2 (recharge, cost=249.3)
INFO:gurobipy:Set parameter TimeLimit to value 300
INFO:gurobipy:Gurobi Optimizer version 12.0.1 build v12.0.1rc0 (win64 - Windows 11.0 (22631.2))
INFO:gurobipy:
INFO:gurobipy:CPU model: 13th Gen Intel(R) Core(TM) i7-13620H, instruction set [SSE2|AVX|AVX2]
INFO:gurobipy:Thread count: 10 physical cores, 16 logical processors, using up to 16 threads
INFO:gurobipy:
INFO:gurobipy:Non-default parameters:
INFO:gurobipy:TimeLimit  300
INFO:gurobipy:
INFO:gurobipy:Optimize a model with 8 rows, 7 columns and 14 nonzeros
INFO:gurobipy:Model fingerprint: 0xcd750a2d
INFO:gurobipy:Variable types: 0 continuous, 7 integer (7 binary)
INFO:gurobipy:Coefficient statistics:
INFO:gurobipy:  Matrix range     [1e+00, 1e+00]
INFO:gurobipy:  Objective range  [2e+02, 2e+03]
INFO:gurobipy:  Bounds range     [1e+00, 1e+00]
INFO:gurobipy:  RHS range        [1e+00, 1e+00]
INFO:gurobipy:Found heuristic solution: objective 1129.2482700
INFO:gurobipy:Presolve removed 8 rows and 7 columns
INFO:gurobipy:Presolve time: 0.00s
INFO:gurobipy:Presolve: All rows and columns removed
INFO:gurobipy:
INFO:gurobipy:Explored 0 nodes (0 simplex iterations) in 0.01 seconds (0.00 work units)
INFO:gurobipy:Thread count was 1 (of 16 available processors)
INFO:gurobipy:
INFO:gurobipy:Solution count 2: 234.567 1129.25 
INFO:gurobipy:
INFO:gurobipy:Optimal solution found (tolerance 1.00e-04)
INFO:gurobipy:Best objective 2.345671414803e+02, best bound 2.345671414803e+02, gap 0.0000%
INFO:root:Step 25: 2->7 (move, cost=234.6)
INFO:gurobipy:Set parameter TimeLimit to value 300
INFO:gurobipy:Gurobi Optimizer version 12.0.1 build v12.0.1rc0 (win64 - Windows 11.0 (22631.2))
INFO:gurobipy:
INFO:gurobipy:CPU model: 13th Gen Intel(R) Core(TM) i7-13620H, instruction set [SSE2|AVX|AVX2]
INFO:gurobipy:Thread count: 10 physical cores, 16 logical processors, using up to 16 threads
INFO:gurobipy:
INFO:gurobipy:Non-default parameters:
INFO:gurobipy:TimeLimit  300
INFO:gurobipy:
INFO:gurobipy:Optimize a model with 6 rows, 7 columns and 12 nonzeros
INFO:gurobipy:Model fingerprint: 0xc5f55f56
INFO:gurobipy:Variable types: 0 continuous, 7 integer (7 binary)
INFO:gurobipy:Coefficient statistics:
INFO:gurobipy:  Matrix range     [1e+00, 1e+00]
INFO:gurobipy:  Objective range  [2e+02, 2e+03]
INFO:gurobipy:  Bounds range     [1e+00, 1e+00]
INFO:gurobipy:  RHS range        [1e+00, 1e+00]
INFO:gurobipy:Found heuristic solution: objective 1075.5873428
INFO:gurobipy:Presolve removed 6 rows and 7 columns
INFO:gurobipy:Presolve time: 0.00s
INFO:gurobipy:Presolve: All rows and columns removed
INFO:gurobipy:
INFO:gurobipy:Explored 0 nodes (0 simplex iterations) in 0.00 seconds (0.00 work units)
INFO:gurobipy:Thread count was 1 (of 16 available processors)
INFO:gurobipy:
INFO:gurobipy:Solution count 2: 234.197 1075.59 
INFO:gurobipy:
INFO:gurobipy:Optimal solution found (tolerance 1.00e-04)
INFO:gurobipy:Best objective 2.341965320925e+02, best bound 2.341965320925e+02, gap 0.0000%
INFO:root:Step 26: 7->2 (recharge, cost=234.6)
INFO:gurobipy:Set parameter TimeLimit to value 300
INFO:gurobipy:Gurobi Optimizer version 12.0.1 build v12.0.1rc0 (win64 - Windows 11.0 (22631.2))
INFO:gurobipy:
INFO:gurobipy:CPU model: 13th Gen Intel(R) Core(TM) i7-13620H, instruction set [SSE2|AVX|AVX2]
INFO:gurobipy:Thread count: 10 physical cores, 16 logical processors, using up to 16 threads
INFO:gurobipy:
INFO:gurobipy:Non-default parameters:
INFO:gurobipy:TimeLimit  300
INFO:gurobipy:
INFO:gurobipy:Optimize a model with 7 rows, 6 columns and 12 nonzeros
INFO:gurobipy:Model fingerprint: 0xe534c0dd
INFO:gurobipy:Variable types: 0 continuous, 6 integer (6 binary)
INFO:gurobipy:Coefficient statistics:
INFO:gurobipy:  Matrix range     [1e+00, 1e+00]
INFO:gurobipy:  Objective range  [1e+03, 2e+03]
INFO:gurobipy:  Bounds range     [1e+00, 1e+00]
INFO:gurobipy:  RHS range        [1e+00, 1e+00]
INFO:gurobipy:Found heuristic solution: objective 1129.2482700
INFO:gurobipy:Presolve removed 7 rows and 6 columns
INFO:gurobipy:Presolve time: 0.00s
INFO:gurobipy:Presolve: All rows and columns removed
INFO:gurobipy:
INFO:gurobipy:Explored 0 nodes (0 simplex iterations) in 0.00 seconds (0.00 work units)
INFO:gurobipy:Thread count was 1 (of 16 available processors)
INFO:gurobipy:
INFO:gurobipy:Solution count 1: 1129.25 
INFO:gurobipy:
INFO:gurobipy:Optimal solution found (tolerance 1.00e-04)
INFO:gurobipy:Best objective 1.129248270040e+03, best bound 1.129248270040e+03, gap 0.0000%
INFO:root:Step 27: 2->11 (move, cost=1129.3)
INFO:gurobipy:Set parameter TimeLimit to value 300
INFO:gurobipy:Gurobi Optimizer version 12.0.1 build v12.0.1rc0 (win64 - Windows 11.0 (22631.2))
INFO:gurobipy:
INFO:gurobipy:CPU model: 13th Gen Intel(R) Core(TM) i7-13620H, instruction set [SSE2|AVX|AVX2]
INFO:gurobipy:Thread count: 10 physical cores, 16 logical processors, using up to 16 threads
INFO:gurobipy:
INFO:gurobipy:Non-default parameters:
INFO:gurobipy:TimeLimit  300
INFO:gurobipy:
INFO:gurobipy:Optimize a model with 7 rows, 6 columns and 12 nonzeros
INFO:gurobipy:Model fingerprint: 0x6052018c
INFO:gurobipy:Variable types: 0 continuous, 6 integer (6 binary)
INFO:gurobipy:Coefficient statistics:
INFO:gurobipy:  Matrix range     [1e+00, 1e+00]
INFO:gurobipy:  Objective range  [4e-01, 3e+03]
INFO:gurobipy:  Bounds range     [1e+00, 1e+00]
INFO:gurobipy:  RHS range        [1e+00, 1e+00]
INFO:gurobipy:Presolve removed 7 rows and 6 columns
INFO:gurobipy:Presolve time: 0.00s
INFO:gurobipy:Presolve: All rows and columns removed
INFO:gurobipy:
INFO:gurobipy:Explored 0 nodes (0 simplex iterations) in 0.00 seconds (0.00 work units)
INFO:gurobipy:Thread count was 1 (of 16 available processors)
INFO:gurobipy:
INFO:gurobipy:Solution count 1: -0.37816 
INFO:gurobipy:
INFO:gurobipy:Optimal solution found (tolerance 1.00e-04)
INFO:gurobipy:Best objective -3.781598114967e-01, best bound -3.781598114967e-01, gap 0.0000%
INFO:root:Step 28: 11->3 (recharge, cost=0.0)
INFO:gurobipy:Set parameter TimeLimit to value 300
INFO:gurobipy:Gurobi Optimizer version 12.0.1 build v12.0.1rc0 (win64 - Windows 11.0 (22631.2))
INFO:gurobipy:
INFO:gurobipy:CPU model: 13th Gen Intel(R) Core(TM) i7-13620H, instruction set [SSE2|AVX|AVX2]
INFO:gurobipy:Thread count: 10 physical cores, 16 logical processors, using up to 16 threads
INFO:gurobipy:
INFO:gurobipy:Non-default parameters:
INFO:gurobipy:TimeLimit  300
INFO:gurobipy:
INFO:gurobipy:Optimize a model with 8 rows, 5 columns and 12 nonzeros
INFO:gurobipy:Model fingerprint: 0xfd561494
INFO:gurobipy:Variable types: 0 continuous, 5 integer (5 binary)
INFO:gurobipy:Coefficient statistics:
INFO:gurobipy:  Matrix range     [1e+00, 1e+00]
INFO:gurobipy:  Objective range  [9e+02, 3e+03]
INFO:gurobipy:  Bounds range     [1e+00, 1e+00]
INFO:gurobipy:  RHS range        [1e+00, 1e+00]
INFO:gurobipy:Presolve removed 6 rows and 5 columns
INFO:gurobipy:Presolve time: 0.00s
INFO:gurobipy:
INFO:gurobipy:Explored 0 nodes (0 simplex iterations) in 0.00 seconds (0.00 work units)
INFO:gurobipy:Thread count was 1 (of 16 available processors)
INFO:gurobipy:
INFO:gurobipy:Solution count 0
INFO:gurobipy:
INFO:gurobipy:Model is infeasible
INFO:gurobipy:Best objective -, best bound -, gap -
ERROR:root:No valid action found
